[2021-4-25 22:6:52] AuthException: Cannot log in: Missing email.
    at Function.logIn (/home/gjj/web-ii/Assignments/assignment-5-gjj08519/src/models/User.js:116:10)
    at Object.<anonymous> (/home/gjj/web-ii/Assignments/assignment-5-gjj08519/tests/models/auth.test.js:30:20)
    at Promise.then.completed (/home/gjj/web-ii/Assignments/assignment-5-gjj08519/node_modules/jest-circus/build/utils.js:276:28)
    at new Promise (<anonymous>)
    at callAsyncCircusFn (/home/gjj/web-ii/Assignments/assignment-5-gjj08519/node_modules/jest-circus/build/utils.js:216:10)
    at _callCircusTest (/home/gjj/web-ii/Assignments/assignment-5-gjj08519/node_modules/jest-circus/build/run.js:212:40)
    at processTicksAndRejections (internal/process/task_queues.js:93:5)
    at _runTest (/home/gjj/web-ii/Assignments/assignment-5-gjj08519/node_modules/jest-circus/build/run.js:149:3)
    at _runTestsForDescribeBlock (/home/gjj/web-ii/Assignments/assignment-5-gjj08519/node_modules/jest-circus/build/run.js:63:9)
    at run (/home/gjj/web-ii/Assignments/assignment-5-gjj08519/node_modules/jest-circus/build/run.js:25:3)
[2021-4-25 22:6:52] AuthException: Cannot log in: Missing password.
    at Function.logIn (/home/gjj/web-ii/Assignments/assignment-5-gjj08519/src/models/User.js:118:10)
    at Object.<anonymous> (/home/gjj/web-ii/Assignments/assignment-5-gjj08519/tests/models/auth.test.js:39:20)
    at Promise.then.completed (/home/gjj/web-ii/Assignments/assignment-5-gjj08519/node_modules/jest-circus/build/utils.js:276:28)
    at new Promise (<anonymous>)
    at callAsyncCircusFn (/home/gjj/web-ii/Assignments/assignment-5-gjj08519/node_modules/jest-circus/build/utils.js:216:10)
    at _callCircusTest (/home/gjj/web-ii/Assignments/assignment-5-gjj08519/node_modules/jest-circus/build/run.js:212:40)
    at processTicksAndRejections (internal/process/task_queues.js:93:5)
    at _runTest (/home/gjj/web-ii/Assignments/assignment-5-gjj08519/node_modules/jest-circus/build/run.js:149:3)
    at _runTestsForDescribeBlock (/home/gjj/web-ii/Assignments/assignment-5-gjj08519/node_modules/jest-circus/build/run.js:63:9)
    at run (/home/gjj/web-ii/Assignments/assignment-5-gjj08519/node_modules/jest-circus/build/run.js:25:3)
[2021-4-25 22:7:20] UserException: Cannot create User: Missing username.
    at Function.create (/home/gjj/web-ii/Assignments/assignment-5-gjj08519/src/models/User.js:62:10)
    at generateUser (/home/gjj/web-ii/Assignments/assignment-5-gjj08519/tests/TestHelper.js:22:27)
    at Object.<anonymous> (/home/gjj/web-ii/Assignments/assignment-5-gjj08519/tests/models/user.test.js:29:15)
    at Promise.then.completed (/home/gjj/web-ii/Assignments/assignment-5-gjj08519/node_modules/jest-circus/build/utils.js:276:28)
    at new Promise (<anonymous>)
    at callAsyncCircusFn (/home/gjj/web-ii/Assignments/assignment-5-gjj08519/node_modules/jest-circus/build/utils.js:216:10)
    at _callCircusTest (/home/gjj/web-ii/Assignments/assignment-5-gjj08519/node_modules/jest-circus/build/run.js:212:40)
    at processTicksAndRejections (internal/process/task_queues.js:93:5)
    at _runTest (/home/gjj/web-ii/Assignments/assignment-5-gjj08519/node_modules/jest-circus/build/run.js:149:3)
    at _runTestsForDescribeBlock (/home/gjj/web-ii/Assignments/assignment-5-gjj08519/node_modules/jest-circus/build/run.js:63:9)
[2021-4-25 22:7:21] UserException: Cannot create User: Missing email.
    at Function.create (/home/gjj/web-ii/Assignments/assignment-5-gjj08519/src/models/User.js:65:10)
    at generateUser (/home/gjj/web-ii/Assignments/assignment-5-gjj08519/tests/TestHelper.js:22:27)
    at Object.<anonymous> (/home/gjj/web-ii/Assignments/assignment-5-gjj08519/tests/models/user.test.js:36:15)
    at Promise.then.completed (/home/gjj/web-ii/Assignments/assignment-5-gjj08519/node_modules/jest-circus/build/utils.js:276:28)
    at new Promise (<anonymous>)
    at callAsyncCircusFn (/home/gjj/web-ii/Assignments/assignment-5-gjj08519/node_modules/jest-circus/build/utils.js:216:10)
    at _callCircusTest (/home/gjj/web-ii/Assignments/assignment-5-gjj08519/node_modules/jest-circus/build/run.js:212:40)
    at processTicksAndRejections (internal/process/task_queues.js:93:5)
    at _runTest (/home/gjj/web-ii/Assignments/assignment-5-gjj08519/node_modules/jest-circus/build/run.js:149:3)
    at _runTestsForDescribeBlock (/home/gjj/web-ii/Assignments/assignment-5-gjj08519/node_modules/jest-circus/build/run.js:63:9)
[2021-4-25 22:7:21] UserException: Cannot create User: Missing password.
    at Function.create (/home/gjj/web-ii/Assignments/assignment-5-gjj08519/src/models/User.js:67:10)
    at generateUser (/home/gjj/web-ii/Assignments/assignment-5-gjj08519/tests/TestHelper.js:22:27)
    at Object.<anonymous> (/home/gjj/web-ii/Assignments/assignment-5-gjj08519/tests/models/user.test.js:43:15)
    at Promise.then.completed (/home/gjj/web-ii/Assignments/assignment-5-gjj08519/node_modules/jest-circus/build/utils.js:276:28)
    at new Promise (<anonymous>)
    at callAsyncCircusFn (/home/gjj/web-ii/Assignments/assignment-5-gjj08519/node_modules/jest-circus/build/utils.js:216:10)
    at _callCircusTest (/home/gjj/web-ii/Assignments/assignment-5-gjj08519/node_modules/jest-circus/build/run.js:212:40)
    at processTicksAndRejections (internal/process/task_queues.js:93:5)
    at _runTest (/home/gjj/web-ii/Assignments/assignment-5-gjj08519/node_modules/jest-circus/build/run.js:149:3)
    at _runTestsForDescribeBlock (/home/gjj/web-ii/Assignments/assignment-5-gjj08519/node_modules/jest-circus/build/run.js:63:9)
[2021-4-25 22:7:22] UserException: Cannot create User: Duplicate username.
    at Function.create (/home/gjj/web-ii/Assignments/assignment-5-gjj08519/src/models/User.js:79:10)
    at processTicksAndRejections (internal/process/task_queues.js:93:5)
    at generateUser (/home/gjj/web-ii/Assignments/assignment-5-gjj08519/tests/TestHelper.js:22:16)
    at Object.<anonymous> (/home/gjj/web-ii/Assignments/assignment-5-gjj08519/tests/models/user.test.js:54:2)
    at _callCircusTest (/home/gjj/web-ii/Assignments/assignment-5-gjj08519/node_modules/jest-circus/build/run.js:212:5)
    at _runTest (/home/gjj/web-ii/Assignments/assignment-5-gjj08519/node_modules/jest-circus/build/run.js:149:3)
    at _runTestsForDescribeBlock (/home/gjj/web-ii/Assignments/assignment-5-gjj08519/node_modules/jest-circus/build/run.js:63:9)
    at run (/home/gjj/web-ii/Assignments/assignment-5-gjj08519/node_modules/jest-circus/build/run.js:25:3)
    at runAndTransformResultsToJestFormat (/home/gjj/web-ii/Assignments/assignment-5-gjj08519/node_modules/jest-circus/build/legacy-code-todo-rewrite/jestAdapterInit.js:176:21)
    at jestAdapter (/home/gjj/web-ii/Assignments/assignment-5-gjj08519/node_modules/jest-circus/build/legacy-code-todo-rewrite/jestAdapter.js:109:19)
[2021-4-25 22:7:23] UserException: Cannot create User: Duplicate email.
    at Function.create (/home/gjj/web-ii/Assignments/assignment-5-gjj08519/src/models/User.js:91:10)
    at processTicksAndRejections (internal/process/task_queues.js:93:5)
    at generateUser (/home/gjj/web-ii/Assignments/assignment-5-gjj08519/tests/TestHelper.js:22:16)
    at Object.<anonymous> (/home/gjj/web-ii/Assignments/assignment-5-gjj08519/tests/models/user.test.js:65:2)
    at _callCircusTest (/home/gjj/web-ii/Assignments/assignment-5-gjj08519/node_modules/jest-circus/build/run.js:212:5)
    at _runTest (/home/gjj/web-ii/Assignments/assignment-5-gjj08519/node_modules/jest-circus/build/run.js:149:3)
    at _runTestsForDescribeBlock (/home/gjj/web-ii/Assignments/assignment-5-gjj08519/node_modules/jest-circus/build/run.js:63:9)
    at run (/home/gjj/web-ii/Assignments/assignment-5-gjj08519/node_modules/jest-circus/build/run.js:25:3)
    at runAndTransformResultsToJestFormat (/home/gjj/web-ii/Assignments/assignment-5-gjj08519/node_modules/jest-circus/build/legacy-code-todo-rewrite/jestAdapterInit.js:176:21)
    at jestAdapter (/home/gjj/web-ii/Assignments/assignment-5-gjj08519/node_modules/jest-circus/build/legacy-code-todo-rewrite/jestAdapter.js:109:19)
[2021-4-25 22:7:29] UserException: Cannot update User: Missing username.
    at User.save (/home/gjj/web-ii/Assignments/assignment-5-gjj08519/src/models/User.js:242:10)
    at Object.<anonymous> (/home/gjj/web-ii/Assignments/assignment-5-gjj08519/tests/models/user.test.js:165:20)
    at processTicksAndRejections (internal/process/task_queues.js:93:5)
    at _callCircusTest (/home/gjj/web-ii/Assignments/assignment-5-gjj08519/node_modules/jest-circus/build/run.js:212:5)
    at _runTest (/home/gjj/web-ii/Assignments/assignment-5-gjj08519/node_modules/jest-circus/build/run.js:149:3)
    at _runTestsForDescribeBlock (/home/gjj/web-ii/Assignments/assignment-5-gjj08519/node_modules/jest-circus/build/run.js:63:9)
    at run (/home/gjj/web-ii/Assignments/assignment-5-gjj08519/node_modules/jest-circus/build/run.js:25:3)
    at runAndTransformResultsToJestFormat (/home/gjj/web-ii/Assignments/assignment-5-gjj08519/node_modules/jest-circus/build/legacy-code-todo-rewrite/jestAdapterInit.js:176:21)
    at jestAdapter (/home/gjj/web-ii/Assignments/assignment-5-gjj08519/node_modules/jest-circus/build/legacy-code-todo-rewrite/jestAdapter.js:109:19)
    at runTestInternal (/home/gjj/web-ii/Assignments/assignment-5-gjj08519/node_modules/jest-runner/build/runTest.js:380:16)
[2021-4-25 22:7:29] UserException: Cannot update User: Missing email.
    at User.save (/home/gjj/web-ii/Assignments/assignment-5-gjj08519/src/models/User.js:245:10)
    at Object.<anonymous> (/home/gjj/web-ii/Assignments/assignment-5-gjj08519/tests/models/user.test.js:176:20)
    at processTicksAndRejections (internal/process/task_queues.js:93:5)
    at _callCircusTest (/home/gjj/web-ii/Assignments/assignment-5-gjj08519/node_modules/jest-circus/build/run.js:212:5)
    at _runTest (/home/gjj/web-ii/Assignments/assignment-5-gjj08519/node_modules/jest-circus/build/run.js:149:3)
    at _runTestsForDescribeBlock (/home/gjj/web-ii/Assignments/assignment-5-gjj08519/node_modules/jest-circus/build/run.js:63:9)
    at run (/home/gjj/web-ii/Assignments/assignment-5-gjj08519/node_modules/jest-circus/build/run.js:25:3)
    at runAndTransformResultsToJestFormat (/home/gjj/web-ii/Assignments/assignment-5-gjj08519/node_modules/jest-circus/build/legacy-code-todo-rewrite/jestAdapterInit.js:176:21)
    at jestAdapter (/home/gjj/web-ii/Assignments/assignment-5-gjj08519/node_modules/jest-circus/build/legacy-code-todo-rewrite/jestAdapter.js:109:19)
    at runTestInternal (/home/gjj/web-ii/Assignments/assignment-5-gjj08519/node_modules/jest-runner/build/runTest.js:380:16)
[2021-4-25 22:7:55] CategoryException: Cannot create Category: User does not exist with ID 57.
    at Function.create (/home/gjj/web-ii/Assignments/assignment-5-gjj08519/src/models/Category.js:46:19)
    at processTicksAndRejections (internal/process/task_queues.js:93:5)
    at generateCategory (/home/gjj/web-ii/Assignments/assignment-5-gjj08519/tests/TestHelper.js:60:20)
    at Object.<anonymous> (/home/gjj/web-ii/Assignments/assignment-5-gjj08519/tests/models/category.test.js:39:2)
    at _callCircusTest (/home/gjj/web-ii/Assignments/assignment-5-gjj08519/node_modules/jest-circus/build/run.js:212:5)
    at _runTest (/home/gjj/web-ii/Assignments/assignment-5-gjj08519/node_modules/jest-circus/build/run.js:149:3)
    at _runTestsForDescribeBlock (/home/gjj/web-ii/Assignments/assignment-5-gjj08519/node_modules/jest-circus/build/run.js:63:9)
    at run (/home/gjj/web-ii/Assignments/assignment-5-gjj08519/node_modules/jest-circus/build/run.js:25:3)
    at runAndTransformResultsToJestFormat (/home/gjj/web-ii/Assignments/assignment-5-gjj08519/node_modules/jest-circus/build/legacy-code-todo-rewrite/jestAdapterInit.js:176:21)
    at jestAdapter (/home/gjj/web-ii/Assignments/assignment-5-gjj08519/node_modules/jest-circus/build/legacy-code-todo-rewrite/jestAdapter.js:109:19)
[2021-4-25 22:7:55] CategoryException: Cannot create Category: Missing title.
    at Function.create (/home/gjj/web-ii/Assignments/assignment-5-gjj08519/src/models/Category.js:51:19)
    at processTicksAndRejections (internal/process/task_queues.js:93:5)
    at generateCategory (/home/gjj/web-ii/Assignments/assignment-5-gjj08519/tests/TestHelper.js:60:20)
    at Object.<anonymous> (/home/gjj/web-ii/Assignments/assignment-5-gjj08519/tests/models/category.test.js:46:2)
    at _callCircusTest (/home/gjj/web-ii/Assignments/assignment-5-gjj08519/node_modules/jest-circus/build/run.js:212:5)
    at _runTest (/home/gjj/web-ii/Assignments/assignment-5-gjj08519/node_modules/jest-circus/build/run.js:149:3)
    at _runTestsForDescribeBlock (/home/gjj/web-ii/Assignments/assignment-5-gjj08519/node_modules/jest-circus/build/run.js:63:9)
    at run (/home/gjj/web-ii/Assignments/assignment-5-gjj08519/node_modules/jest-circus/build/run.js:25:3)
    at runAndTransformResultsToJestFormat (/home/gjj/web-ii/Assignments/assignment-5-gjj08519/node_modules/jest-circus/build/legacy-code-todo-rewrite/jestAdapterInit.js:176:21)
    at jestAdapter (/home/gjj/web-ii/Assignments/assignment-5-gjj08519/node_modules/jest-circus/build/legacy-code-todo-rewrite/jestAdapter.js:109:19)
[2021-4-25 22:7:56] CategoryException: Cannot create Category: Duplicate title.
    at Function.create (/home/gjj/web-ii/Assignments/assignment-5-gjj08519/src/models/Category.js:66:19)
    at processTicksAndRejections (internal/process/task_queues.js:93:5)
    at generateCategory (/home/gjj/web-ii/Assignments/assignment-5-gjj08519/tests/TestHelper.js:60:20)
    at Object.<anonymous> (/home/gjj/web-ii/Assignments/assignment-5-gjj08519/tests/models/category.test.js:57:2)
    at _callCircusTest (/home/gjj/web-ii/Assignments/assignment-5-gjj08519/node_modules/jest-circus/build/run.js:212:5)
    at _runTest (/home/gjj/web-ii/Assignments/assignment-5-gjj08519/node_modules/jest-circus/build/run.js:149:3)
    at _runTestsForDescribeBlock (/home/gjj/web-ii/Assignments/assignment-5-gjj08519/node_modules/jest-circus/build/run.js:63:9)
    at run (/home/gjj/web-ii/Assignments/assignment-5-gjj08519/node_modules/jest-circus/build/run.js:25:3)
    at runAndTransformResultsToJestFormat (/home/gjj/web-ii/Assignments/assignment-5-gjj08519/node_modules/jest-circus/build/legacy-code-todo-rewrite/jestAdapterInit.js:176:21)
    at jestAdapter (/home/gjj/web-ii/Assignments/assignment-5-gjj08519/node_modules/jest-circus/build/legacy-code-todo-rewrite/jestAdapter.js:109:19)
[2021-4-25 22:8:3] CategoryException: Cannot update Category: Missing title.
    at Category.save (/home/gjj/web-ii/Assignments/assignment-5-gjj08519/src/models/Category.js:169:19)
    at Object.<anonymous> (/home/gjj/web-ii/Assignments/assignment-5-gjj08519/tests/models/category.test.js:148:24)
    at runMicrotasks (<anonymous>)
    at processTicksAndRejections (internal/process/task_queues.js:93:5)
    at _callCircusTest (/home/gjj/web-ii/Assignments/assignment-5-gjj08519/node_modules/jest-circus/build/run.js:212:5)
    at _runTest (/home/gjj/web-ii/Assignments/assignment-5-gjj08519/node_modules/jest-circus/build/run.js:149:3)
    at _runTestsForDescribeBlock (/home/gjj/web-ii/Assignments/assignment-5-gjj08519/node_modules/jest-circus/build/run.js:63:9)
    at run (/home/gjj/web-ii/Assignments/assignment-5-gjj08519/node_modules/jest-circus/build/run.js:25:3)
    at runAndTransformResultsToJestFormat (/home/gjj/web-ii/Assignments/assignment-5-gjj08519/node_modules/jest-circus/build/legacy-code-todo-rewrite/jestAdapterInit.js:176:21)
    at jestAdapter (/home/gjj/web-ii/Assignments/assignment-5-gjj08519/node_modules/jest-circus/build/legacy-code-todo-rewrite/jestAdapter.js:109:19)
[2021-4-25 22:8:25] PostException: Cannot create Post: User does not exist with ID 12.
    at Function.create (/home/gjj/web-ii/Assignments/assignment-5-gjj08519/src/models/Post.js:55:10)
    at processTicksAndRejections (internal/process/task_queues.js:93:5)
    at generatePost (/home/gjj/web-ii/Assignments/assignment-5-gjj08519/tests/TestHelper.js:104:16)
    at Object.<anonymous> (/home/gjj/web-ii/Assignments/assignment-5-gjj08519/tests/models/post.test.js:46:2)
    at _callCircusTest (/home/gjj/web-ii/Assignments/assignment-5-gjj08519/node_modules/jest-circus/build/run.js:212:5)
    at _runTest (/home/gjj/web-ii/Assignments/assignment-5-gjj08519/node_modules/jest-circus/build/run.js:149:3)
    at _runTestsForDescribeBlock (/home/gjj/web-ii/Assignments/assignment-5-gjj08519/node_modules/jest-circus/build/run.js:63:9)
    at run (/home/gjj/web-ii/Assignments/assignment-5-gjj08519/node_modules/jest-circus/build/run.js:25:3)
    at runAndTransformResultsToJestFormat (/home/gjj/web-ii/Assignments/assignment-5-gjj08519/node_modules/jest-circus/build/legacy-code-todo-rewrite/jestAdapterInit.js:176:21)
    at jestAdapter (/home/gjj/web-ii/Assignments/assignment-5-gjj08519/node_modules/jest-circus/build/legacy-code-todo-rewrite/jestAdapter.js:109:19)
[2021-4-25 22:8:26] PostException: Cannot create Post: Category does not exist with ID 87.
    at Function.create (/home/gjj/web-ii/Assignments/assignment-5-gjj08519/src/models/Post.js:66:10)
    at processTicksAndRejections (internal/process/task_queues.js:93:5)
    at generatePost (/home/gjj/web-ii/Assignments/assignment-5-gjj08519/tests/TestHelper.js:104:16)
    at Object.<anonymous> (/home/gjj/web-ii/Assignments/assignment-5-gjj08519/tests/models/post.test.js:57:2)
    at _callCircusTest (/home/gjj/web-ii/Assignments/assignment-5-gjj08519/node_modules/jest-circus/build/run.js:212:5)
    at _runTest (/home/gjj/web-ii/Assignments/assignment-5-gjj08519/node_modules/jest-circus/build/run.js:149:3)
    at _runTestsForDescribeBlock (/home/gjj/web-ii/Assignments/assignment-5-gjj08519/node_modules/jest-circus/build/run.js:63:9)
    at run (/home/gjj/web-ii/Assignments/assignment-5-gjj08519/node_modules/jest-circus/build/run.js:25:3)
    at runAndTransformResultsToJestFormat (/home/gjj/web-ii/Assignments/assignment-5-gjj08519/node_modules/jest-circus/build/legacy-code-todo-rewrite/jestAdapterInit.js:176:21)
    at jestAdapter (/home/gjj/web-ii/Assignments/assignment-5-gjj08519/node_modules/jest-circus/build/legacy-code-todo-rewrite/jestAdapter.js:109:19)
[2021-4-25 22:8:27] PostException: Cannot create Post: Missing title.
    at Function.create (/home/gjj/web-ii/Assignments/assignment-5-gjj08519/src/models/Post.js:38:10)
    at generatePost (/home/gjj/web-ii/Assignments/assignment-5-gjj08519/tests/TestHelper.js:104:27)
    at processTicksAndRejections (internal/process/task_queues.js:93:5)
    at Object.<anonymous> (/home/gjj/web-ii/Assignments/assignment-5-gjj08519/tests/models/post.test.js:64:2)
    at _callCircusTest (/home/gjj/web-ii/Assignments/assignment-5-gjj08519/node_modules/jest-circus/build/run.js:212:5)
    at _runTest (/home/gjj/web-ii/Assignments/assignment-5-gjj08519/node_modules/jest-circus/build/run.js:149:3)
    at _runTestsForDescribeBlock (/home/gjj/web-ii/Assignments/assignment-5-gjj08519/node_modules/jest-circus/build/run.js:63:9)
    at run (/home/gjj/web-ii/Assignments/assignment-5-gjj08519/node_modules/jest-circus/build/run.js:25:3)
    at runAndTransformResultsToJestFormat (/home/gjj/web-ii/Assignments/assignment-5-gjj08519/node_modules/jest-circus/build/legacy-code-todo-rewrite/jestAdapterInit.js:176:21)
    at jestAdapter (/home/gjj/web-ii/Assignments/assignment-5-gjj08519/node_modules/jest-circus/build/legacy-code-todo-rewrite/jestAdapter.js:109:19)
[2021-4-25 22:8:29] PostException: Cannot create Post: Missing type.
    at Function.create (/home/gjj/web-ii/Assignments/assignment-5-gjj08519/src/models/Post.js:41:10)
    at generatePost (/home/gjj/web-ii/Assignments/assignment-5-gjj08519/tests/TestHelper.js:104:27)
    at runMicrotasks (<anonymous>)
    at processTicksAndRejections (internal/process/task_queues.js:93:5)
    at Object.<anonymous> (/home/gjj/web-ii/Assignments/assignment-5-gjj08519/tests/models/post.test.js:71:2)
    at _callCircusTest (/home/gjj/web-ii/Assignments/assignment-5-gjj08519/node_modules/jest-circus/build/run.js:212:5)
    at _runTest (/home/gjj/web-ii/Assignments/assignment-5-gjj08519/node_modules/jest-circus/build/run.js:149:3)
    at _runTestsForDescribeBlock (/home/gjj/web-ii/Assignments/assignment-5-gjj08519/node_modules/jest-circus/build/run.js:63:9)
    at run (/home/gjj/web-ii/Assignments/assignment-5-gjj08519/node_modules/jest-circus/build/run.js:25:3)
    at runAndTransformResultsToJestFormat (/home/gjj/web-ii/Assignments/assignment-5-gjj08519/node_modules/jest-circus/build/legacy-code-todo-rewrite/jestAdapterInit.js:176:21)
[2021-4-25 22:8:31] PostException: Cannot create Post: Missing content.
    at Function.create (/home/gjj/web-ii/Assignments/assignment-5-gjj08519/src/models/Post.js:44:10)
    at generatePost (/home/gjj/web-ii/Assignments/assignment-5-gjj08519/tests/TestHelper.js:104:27)
    at runMicrotasks (<anonymous>)
    at processTicksAndRejections (internal/process/task_queues.js:93:5)
    at Object.<anonymous> (/home/gjj/web-ii/Assignments/assignment-5-gjj08519/tests/models/post.test.js:78:2)
    at _callCircusTest (/home/gjj/web-ii/Assignments/assignment-5-gjj08519/node_modules/jest-circus/build/run.js:212:5)
    at _runTest (/home/gjj/web-ii/Assignments/assignment-5-gjj08519/node_modules/jest-circus/build/run.js:149:3)
    at _runTestsForDescribeBlock (/home/gjj/web-ii/Assignments/assignment-5-gjj08519/node_modules/jest-circus/build/run.js:63:9)
    at run (/home/gjj/web-ii/Assignments/assignment-5-gjj08519/node_modules/jest-circus/build/run.js:25:3)
    at runAndTransformResultsToJestFormat (/home/gjj/web-ii/Assignments/assignment-5-gjj08519/node_modules/jest-circus/build/legacy-code-todo-rewrite/jestAdapterInit.js:176:21)
[2021-4-25 22:8:40] PostException: Cannot update Post: Missing content.
    at Post.save (/home/gjj/web-ii/Assignments/assignment-5-gjj08519/src/models/Post.js:190:10)
    at Object.<anonymous> (/home/gjj/web-ii/Assignments/assignment-5-gjj08519/tests/models/post.test.js:137:20)
    at runMicrotasks (<anonymous>)
    at processTicksAndRejections (internal/process/task_queues.js:93:5)
    at _callCircusTest (/home/gjj/web-ii/Assignments/assignment-5-gjj08519/node_modules/jest-circus/build/run.js:212:5)
    at _runTest (/home/gjj/web-ii/Assignments/assignment-5-gjj08519/node_modules/jest-circus/build/run.js:149:3)
    at _runTestsForDescribeBlock (/home/gjj/web-ii/Assignments/assignment-5-gjj08519/node_modules/jest-circus/build/run.js:63:9)
    at run (/home/gjj/web-ii/Assignments/assignment-5-gjj08519/node_modules/jest-circus/build/run.js:25:3)
    at runAndTransformResultsToJestFormat (/home/gjj/web-ii/Assignments/assignment-5-gjj08519/node_modules/jest-circus/build/legacy-code-todo-rewrite/jestAdapterInit.js:176:21)
    at jestAdapter (/home/gjj/web-ii/Assignments/assignment-5-gjj08519/node_modules/jest-circus/build/legacy-code-todo-rewrite/jestAdapter.js:109:19)
[2021-4-25 22:8:42] PostException: Cannot update Post: Only text posts are editable.
    at Post.save (/home/gjj/web-ii/Assignments/assignment-5-gjj08519/src/models/Post.js:193:19)
    at Object.<anonymous> (/home/gjj/web-ii/Assignments/assignment-5-gjj08519/tests/models/post.test.js:148:20)
    at runMicrotasks (<anonymous>)
    at processTicksAndRejections (internal/process/task_queues.js:93:5)
    at _callCircusTest (/home/gjj/web-ii/Assignments/assignment-5-gjj08519/node_modules/jest-circus/build/run.js:212:5)
    at _runTest (/home/gjj/web-ii/Assignments/assignment-5-gjj08519/node_modules/jest-circus/build/run.js:149:3)
    at _runTestsForDescribeBlock (/home/gjj/web-ii/Assignments/assignment-5-gjj08519/node_modules/jest-circus/build/run.js:63:9)
    at run (/home/gjj/web-ii/Assignments/assignment-5-gjj08519/node_modules/jest-circus/build/run.js:25:3)
    at runAndTransformResultsToJestFormat (/home/gjj/web-ii/Assignments/assignment-5-gjj08519/node_modules/jest-circus/build/legacy-code-todo-rewrite/jestAdapterInit.js:176:21)
    at jestAdapter (/home/gjj/web-ii/Assignments/assignment-5-gjj08519/node_modules/jest-circus/build/legacy-code-todo-rewrite/jestAdapter.js:109:19)
[2021-4-25 22:10:6] CommentException: Cannot create Comment: User does not exist with ID 94.
    at Function.create (/home/gjj/web-ii/Assignments/assignment-5-gjj08519/src/models/Comment.js:50:19)
    at runMicrotasks (<anonymous>)
    at processTicksAndRejections (internal/process/task_queues.js:93:5)
    at generateComment (/home/gjj/web-ii/Assignments/assignment-5-gjj08519/tests/TestHelper.js:132:19)
    at Object.<anonymous> (/home/gjj/web-ii/Assignments/assignment-5-gjj08519/tests/models/comment.test.js:54:2)
    at _callCircusTest (/home/gjj/web-ii/Assignments/assignment-5-gjj08519/node_modules/jest-circus/build/run.js:212:5)
    at _runTest (/home/gjj/web-ii/Assignments/assignment-5-gjj08519/node_modules/jest-circus/build/run.js:149:3)
    at _runTestsForDescribeBlock (/home/gjj/web-ii/Assignments/assignment-5-gjj08519/node_modules/jest-circus/build/run.js:63:9)
    at run (/home/gjj/web-ii/Assignments/assignment-5-gjj08519/node_modules/jest-circus/build/run.js:25:3)
    at runAndTransformResultsToJestFormat (/home/gjj/web-ii/Assignments/assignment-5-gjj08519/node_modules/jest-circus/build/legacy-code-todo-rewrite/jestAdapterInit.js:176:21)
[2021-4-25 22:10:7] CommentException: Cannot create Comment: Post does not exist with ID 75.
    at Function.create (/home/gjj/web-ii/Assignments/assignment-5-gjj08519/src/models/Comment.js:61:19)
    at runMicrotasks (<anonymous>)
    at processTicksAndRejections (internal/process/task_queues.js:93:5)
    at generateComment (/home/gjj/web-ii/Assignments/assignment-5-gjj08519/tests/TestHelper.js:132:19)
    at Object.<anonymous> (/home/gjj/web-ii/Assignments/assignment-5-gjj08519/tests/models/comment.test.js:65:2)
    at _callCircusTest (/home/gjj/web-ii/Assignments/assignment-5-gjj08519/node_modules/jest-circus/build/run.js:212:5)
    at _runTest (/home/gjj/web-ii/Assignments/assignment-5-gjj08519/node_modules/jest-circus/build/run.js:149:3)
    at _runTestsForDescribeBlock (/home/gjj/web-ii/Assignments/assignment-5-gjj08519/node_modules/jest-circus/build/run.js:63:9)
    at run (/home/gjj/web-ii/Assignments/assignment-5-gjj08519/node_modules/jest-circus/build/run.js:25:3)
    at runAndTransformResultsToJestFormat (/home/gjj/web-ii/Assignments/assignment-5-gjj08519/node_modules/jest-circus/build/legacy-code-todo-rewrite/jestAdapterInit.js:176:21)
[2021-4-25 22:10:10] CommentException: Cannot create Comment: Missing content.
    at Function.create (/home/gjj/web-ii/Assignments/assignment-5-gjj08519/src/models/Comment.js:39:19)
    at generateComment (/home/gjj/web-ii/Assignments/assignment-5-gjj08519/tests/TestHelper.js:132:33)
    at runMicrotasks (<anonymous>)
    at processTicksAndRejections (internal/process/task_queues.js:93:5)
    at Object.<anonymous> (/home/gjj/web-ii/Assignments/assignment-5-gjj08519/tests/models/comment.test.js:72:2)
    at _callCircusTest (/home/gjj/web-ii/Assignments/assignment-5-gjj08519/node_modules/jest-circus/build/run.js:212:5)
    at _runTest (/home/gjj/web-ii/Assignments/assignment-5-gjj08519/node_modules/jest-circus/build/run.js:149:3)
    at _runTestsForDescribeBlock (/home/gjj/web-ii/Assignments/assignment-5-gjj08519/node_modules/jest-circus/build/run.js:63:9)
    at run (/home/gjj/web-ii/Assignments/assignment-5-gjj08519/node_modules/jest-circus/build/run.js:25:3)
    at runAndTransformResultsToJestFormat (/home/gjj/web-ii/Assignments/assignment-5-gjj08519/node_modules/jest-circus/build/legacy-code-todo-rewrite/jestAdapterInit.js:176:21)
[2021-4-25 22:10:25] CommentException: Cannot update Comment: Missing content.
    at Comment.save (/home/gjj/web-ii/Assignments/assignment-5-gjj08519/src/models/Comment.js:260:15)
    at Object.<anonymous> (/home/gjj/web-ii/Assignments/assignment-5-gjj08519/tests/models/comment.test.js:126:23)
    at runMicrotasks (<anonymous>)
    at processTicksAndRejections (internal/process/task_queues.js:93:5)
    at _callCircusTest (/home/gjj/web-ii/Assignments/assignment-5-gjj08519/node_modules/jest-circus/build/run.js:212:5)
    at _runTest (/home/gjj/web-ii/Assignments/assignment-5-gjj08519/node_modules/jest-circus/build/run.js:149:3)
    at _runTestsForDescribeBlock (/home/gjj/web-ii/Assignments/assignment-5-gjj08519/node_modules/jest-circus/build/run.js:63:9)
    at run (/home/gjj/web-ii/Assignments/assignment-5-gjj08519/node_modules/jest-circus/build/run.js:25:3)
    at runAndTransformResultsToJestFormat (/home/gjj/web-ii/Assignments/assignment-5-gjj08519/node_modules/jest-circus/build/legacy-code-todo-rewrite/jestAdapterInit.js:176:21)
    at jestAdapter (/home/gjj/web-ii/Assignments/assignment-5-gjj08519/node_modules/jest-circus/build/legacy-code-todo-rewrite/jestAdapter.js:109:19)
[2021-4-25 22:11:6] AuthException: Cannot log in: Missing email.
    at AuthController.action [as login] (/home/gjj/web-ii/Assignments/assignment-5-gjj08519/src/controllers/AuthController.js:52:19)
    at AuthController.doAction (/home/gjj/web-ii/Assignments/assignment-5-gjj08519/src/controllers/Controller.js:15:21)
    at Object.<anonymous> (/home/gjj/web-ii/Assignments/assignment-5-gjj08519/tests/controllers/auth.test.js:44:26)
    at Promise.then.completed (/home/gjj/web-ii/Assignments/assignment-5-gjj08519/node_modules/jest-circus/build/utils.js:276:28)
    at new Promise (<anonymous>)
    at callAsyncCircusFn (/home/gjj/web-ii/Assignments/assignment-5-gjj08519/node_modules/jest-circus/build/utils.js:216:10)
    at _callCircusTest (/home/gjj/web-ii/Assignments/assignment-5-gjj08519/node_modules/jest-circus/build/run.js:212:40)
    at processTicksAndRejections (internal/process/task_queues.js:93:5)
    at _runTest (/home/gjj/web-ii/Assignments/assignment-5-gjj08519/node_modules/jest-circus/build/run.js:149:3)
    at _runTestsForDescribeBlock (/home/gjj/web-ii/Assignments/assignment-5-gjj08519/node_modules/jest-circus/build/run.js:63:9)
[2021-4-25 22:11:6] AuthException: Cannot log in: Missing password.
    at AuthController.action [as login] (/home/gjj/web-ii/Assignments/assignment-5-gjj08519/src/controllers/AuthController.js:55:19)
    at AuthController.doAction (/home/gjj/web-ii/Assignments/assignment-5-gjj08519/src/controllers/Controller.js:15:21)
    at Object.<anonymous> (/home/gjj/web-ii/Assignments/assignment-5-gjj08519/tests/controllers/auth.test.js:56:26)
    at Promise.then.completed (/home/gjj/web-ii/Assignments/assignment-5-gjj08519/node_modules/jest-circus/build/utils.js:276:28)
    at new Promise (<anonymous>)
    at callAsyncCircusFn (/home/gjj/web-ii/Assignments/assignment-5-gjj08519/node_modules/jest-circus/build/utils.js:216:10)
    at _callCircusTest (/home/gjj/web-ii/Assignments/assignment-5-gjj08519/node_modules/jest-circus/build/run.js:212:40)
    at processTicksAndRejections (internal/process/task_queues.js:93:5)
    at _runTest (/home/gjj/web-ii/Assignments/assignment-5-gjj08519/node_modules/jest-circus/build/run.js:149:3)
    at _runTestsForDescribeBlock (/home/gjj/web-ii/Assignments/assignment-5-gjj08519/node_modules/jest-circus/build/run.js:63:9)
[2021-4-25 22:11:6] AuthException: Cannot log in: Invalid credentials.
    at AuthController.login (/home/gjj/web-ii/Assignments/assignment-5-gjj08519/src/controllers/AuthController.js:59:19)
    at processTicksAndRejections (internal/process/task_queues.js:93:5)
    at Object.<anonymous> (/home/gjj/web-ii/Assignments/assignment-5-gjj08519/tests/controllers/auth.test.js:68:2)
    at _callCircusTest (/home/gjj/web-ii/Assignments/assignment-5-gjj08519/node_modules/jest-circus/build/run.js:212:5)
    at _runTest (/home/gjj/web-ii/Assignments/assignment-5-gjj08519/node_modules/jest-circus/build/run.js:149:3)
    at _runTestsForDescribeBlock (/home/gjj/web-ii/Assignments/assignment-5-gjj08519/node_modules/jest-circus/build/run.js:63:9)
    at run (/home/gjj/web-ii/Assignments/assignment-5-gjj08519/node_modules/jest-circus/build/run.js:25:3)
    at runAndTransformResultsToJestFormat (/home/gjj/web-ii/Assignments/assignment-5-gjj08519/node_modules/jest-circus/build/legacy-code-todo-rewrite/jestAdapterInit.js:176:21)
    at jestAdapter (/home/gjj/web-ii/Assignments/assignment-5-gjj08519/node_modules/jest-circus/build/legacy-code-todo-rewrite/jestAdapter.js:109:19)
    at runTestInternal (/home/gjj/web-ii/Assignments/assignment-5-gjj08519/node_modules/jest-runner/build/runTest.js:380:16)
[2021-4-25 22:11:7] AuthException: Cannot log in: Invalid credentials.
    at AuthController.login (/home/gjj/web-ii/Assignments/assignment-5-gjj08519/src/controllers/AuthController.js:61:19)
    at processTicksAndRejections (internal/process/task_queues.js:93:5)
    at Object.<anonymous> (/home/gjj/web-ii/Assignments/assignment-5-gjj08519/tests/controllers/auth.test.js:80:2)
    at _callCircusTest (/home/gjj/web-ii/Assignments/assignment-5-gjj08519/node_modules/jest-circus/build/run.js:212:5)
    at _runTest (/home/gjj/web-ii/Assignments/assignment-5-gjj08519/node_modules/jest-circus/build/run.js:149:3)
    at _runTestsForDescribeBlock (/home/gjj/web-ii/Assignments/assignment-5-gjj08519/node_modules/jest-circus/build/run.js:63:9)
    at run (/home/gjj/web-ii/Assignments/assignment-5-gjj08519/node_modules/jest-circus/build/run.js:25:3)
    at runAndTransformResultsToJestFormat (/home/gjj/web-ii/Assignments/assignment-5-gjj08519/node_modules/jest-circus/build/legacy-code-todo-rewrite/jestAdapterInit.js:176:21)
    at jestAdapter (/home/gjj/web-ii/Assignments/assignment-5-gjj08519/node_modules/jest-circus/build/legacy-code-todo-rewrite/jestAdapter.js:109:19)
    at runTestInternal (/home/gjj/web-ii/Assignments/assignment-5-gjj08519/node_modules/jest-runner/build/runTest.js:380:16)
[2021-4-25 22:11:27] UserException: Cannot retrieve User: User does not exist with ID 77.
    at UserController.show (/home/gjj/web-ii/Assignments/assignment-5-gjj08519/src/controllers/UserController.js:89:19)
    at processTicksAndRejections (internal/process/task_queues.js:93:5)
    at Object.<anonymous> (/home/gjj/web-ii/Assignments/assignment-5-gjj08519/tests/controllers/user.test.js:95:2)
    at _callCircusTest (/home/gjj/web-ii/Assignments/assignment-5-gjj08519/node_modules/jest-circus/build/run.js:212:5)
    at _runTest (/home/gjj/web-ii/Assignments/assignment-5-gjj08519/node_modules/jest-circus/build/run.js:149:3)
    at _runTestsForDescribeBlock (/home/gjj/web-ii/Assignments/assignment-5-gjj08519/node_modules/jest-circus/build/run.js:63:9)
    at run (/home/gjj/web-ii/Assignments/assignment-5-gjj08519/node_modules/jest-circus/build/run.js:25:3)
    at runAndTransformResultsToJestFormat (/home/gjj/web-ii/Assignments/assignment-5-gjj08519/node_modules/jest-circus/build/legacy-code-todo-rewrite/jestAdapterInit.js:176:21)
    at jestAdapter (/home/gjj/web-ii/Assignments/assignment-5-gjj08519/node_modules/jest-circus/build/legacy-code-todo-rewrite/jestAdapter.js:109:19)
    at runTestInternal (/home/gjj/web-ii/Assignments/assignment-5-gjj08519/node_modules/jest-runner/build/runTest.js:380:16)
[2021-4-25 22:11:28] UserException: Cannot update User: You must be logged in.
    at UserController.action [as edit] (/home/gjj/web-ii/Assignments/assignment-5-gjj08519/src/controllers/UserController.js:114:19)
    at UserController.doAction (/home/gjj/web-ii/Assignments/assignment-5-gjj08519/src/controllers/Controller.js:15:21)
    at Object.<anonymous> (/home/gjj/web-ii/Assignments/assignment-5-gjj08519/tests/controllers/user.test.js:143:26)
    at processTicksAndRejections (internal/process/task_queues.js:93:5)
    at _callCircusTest (/home/gjj/web-ii/Assignments/assignment-5-gjj08519/node_modules/jest-circus/build/run.js:212:5)
    at _runTest (/home/gjj/web-ii/Assignments/assignment-5-gjj08519/node_modules/jest-circus/build/run.js:149:3)
    at _runTestsForDescribeBlock (/home/gjj/web-ii/Assignments/assignment-5-gjj08519/node_modules/jest-circus/build/run.js:63:9)
    at run (/home/gjj/web-ii/Assignments/assignment-5-gjj08519/node_modules/jest-circus/build/run.js:25:3)
    at runAndTransformResultsToJestFormat (/home/gjj/web-ii/Assignments/assignment-5-gjj08519/node_modules/jest-circus/build/legacy-code-todo-rewrite/jestAdapterInit.js:176:21)
    at jestAdapter (/home/gjj/web-ii/Assignments/assignment-5-gjj08519/node_modules/jest-circus/build/legacy-code-todo-rewrite/jestAdapter.js:109:19)
[2021-4-25 22:11:29] UserException: Cannot update User: You cannot update a user other than yourself.
    at UserController.action [as edit] (/home/gjj/web-ii/Assignments/assignment-5-gjj08519/src/controllers/UserController.js:117:19)
    at UserController.doAction (/home/gjj/web-ii/Assignments/assignment-5-gjj08519/src/controllers/Controller.js:15:21)
    at Object.<anonymous> (/home/gjj/web-ii/Assignments/assignment-5-gjj08519/tests/controllers/user.test.js:161:26)
    at processTicksAndRejections (internal/process/task_queues.js:93:5)
    at _callCircusTest (/home/gjj/web-ii/Assignments/assignment-5-gjj08519/node_modules/jest-circus/build/run.js:212:5)
    at _runTest (/home/gjj/web-ii/Assignments/assignment-5-gjj08519/node_modules/jest-circus/build/run.js:149:3)
    at _runTestsForDescribeBlock (/home/gjj/web-ii/Assignments/assignment-5-gjj08519/node_modules/jest-circus/build/run.js:63:9)
    at run (/home/gjj/web-ii/Assignments/assignment-5-gjj08519/node_modules/jest-circus/build/run.js:25:3)
    at runAndTransformResultsToJestFormat (/home/gjj/web-ii/Assignments/assignment-5-gjj08519/node_modules/jest-circus/build/legacy-code-todo-rewrite/jestAdapterInit.js:176:21)
    at jestAdapter (/home/gjj/web-ii/Assignments/assignment-5-gjj08519/node_modules/jest-circus/build/legacy-code-todo-rewrite/jestAdapter.js:109:19)
[2021-4-25 22:11:30] UserException: Cannot update User: No update parameters were provided.
    at UserController.edit (/home/gjj/web-ii/Assignments/assignment-5-gjj08519/src/controllers/UserController.js:127:19)
    at processTicksAndRejections (internal/process/task_queues.js:93:5)
    at Object.<anonymous> (/home/gjj/web-ii/Assignments/assignment-5-gjj08519/tests/controllers/user.test.js:182:2)
    at _callCircusTest (/home/gjj/web-ii/Assignments/assignment-5-gjj08519/node_modules/jest-circus/build/run.js:212:5)
    at _runTest (/home/gjj/web-ii/Assignments/assignment-5-gjj08519/node_modules/jest-circus/build/run.js:149:3)
    at _runTestsForDescribeBlock (/home/gjj/web-ii/Assignments/assignment-5-gjj08519/node_modules/jest-circus/build/run.js:63:9)
    at run (/home/gjj/web-ii/Assignments/assignment-5-gjj08519/node_modules/jest-circus/build/run.js:25:3)
    at runAndTransformResultsToJestFormat (/home/gjj/web-ii/Assignments/assignment-5-gjj08519/node_modules/jest-circus/build/legacy-code-todo-rewrite/jestAdapterInit.js:176:21)
    at jestAdapter (/home/gjj/web-ii/Assignments/assignment-5-gjj08519/node_modules/jest-circus/build/legacy-code-todo-rewrite/jestAdapter.js:109:19)
    at runTestInternal (/home/gjj/web-ii/Assignments/assignment-5-gjj08519/node_modules/jest-runner/build/runTest.js:380:16)
[2021-4-25 22:11:32] UserException: Cannot delete User: You must be logged in.
    at UserController.destroy (/home/gjj/web-ii/Assignments/assignment-5-gjj08519/src/controllers/UserController.js:187:19)
    at processTicksAndRejections (internal/process/task_queues.js:93:5)
    at Object.<anonymous> (/home/gjj/web-ii/Assignments/assignment-5-gjj08519/tests/controllers/user.test.js:226:2)
    at _callCircusTest (/home/gjj/web-ii/Assignments/assignment-5-gjj08519/node_modules/jest-circus/build/run.js:212:5)
    at _runTest (/home/gjj/web-ii/Assignments/assignment-5-gjj08519/node_modules/jest-circus/build/run.js:149:3)
    at _runTestsForDescribeBlock (/home/gjj/web-ii/Assignments/assignment-5-gjj08519/node_modules/jest-circus/build/run.js:63:9)
    at run (/home/gjj/web-ii/Assignments/assignment-5-gjj08519/node_modules/jest-circus/build/run.js:25:3)
    at runAndTransformResultsToJestFormat (/home/gjj/web-ii/Assignments/assignment-5-gjj08519/node_modules/jest-circus/build/legacy-code-todo-rewrite/jestAdapterInit.js:176:21)
    at jestAdapter (/home/gjj/web-ii/Assignments/assignment-5-gjj08519/node_modules/jest-circus/build/legacy-code-todo-rewrite/jestAdapter.js:109:19)
    at runTestInternal (/home/gjj/web-ii/Assignments/assignment-5-gjj08519/node_modules/jest-runner/build/runTest.js:380:16)
[2021-4-25 22:11:33] UserException: Cannot delete User: You cannot delete a user other than yourself.
    at UserController.destroy (/home/gjj/web-ii/Assignments/assignment-5-gjj08519/src/controllers/UserController.js:191:19)
    at processTicksAndRejections (internal/process/task_queues.js:93:5)
    at Object.<anonymous> (/home/gjj/web-ii/Assignments/assignment-5-gjj08519/tests/controllers/user.test.js:243:2)
    at _callCircusTest (/home/gjj/web-ii/Assignments/assignment-5-gjj08519/node_modules/jest-circus/build/run.js:212:5)
    at _runTest (/home/gjj/web-ii/Assignments/assignment-5-gjj08519/node_modules/jest-circus/build/run.js:149:3)
    at _runTestsForDescribeBlock (/home/gjj/web-ii/Assignments/assignment-5-gjj08519/node_modules/jest-circus/build/run.js:63:9)
    at run (/home/gjj/web-ii/Assignments/assignment-5-gjj08519/node_modules/jest-circus/build/run.js:25:3)
    at runAndTransformResultsToJestFormat (/home/gjj/web-ii/Assignments/assignment-5-gjj08519/node_modules/jest-circus/build/legacy-code-todo-rewrite/jestAdapterInit.js:176:21)
    at jestAdapter (/home/gjj/web-ii/Assignments/assignment-5-gjj08519/node_modules/jest-circus/build/legacy-code-todo-rewrite/jestAdapter.js:109:19)
    at runTestInternal (/home/gjj/web-ii/Assignments/assignment-5-gjj08519/node_modules/jest-runner/build/runTest.js:380:16)
[2021-4-25 22:11:56] CategoryException: Cannot create Category: You must be logged in.
    at CategoryController.action [as new] (/home/gjj/web-ii/Assignments/assignment-5-gjj08519/src/controllers/CategoryController.js:53:19)
    at CategoryController.doAction (/home/gjj/web-ii/Assignments/assignment-5-gjj08519/src/controllers/Controller.js:15:21)
    at Object.<anonymous> (/home/gjj/web-ii/Assignments/assignment-5-gjj08519/tests/controllers/category.test.js:66:26)
    at processTicksAndRejections (internal/process/task_queues.js:93:5)
    at _callCircusTest (/home/gjj/web-ii/Assignments/assignment-5-gjj08519/node_modules/jest-circus/build/run.js:212:5)
    at _runTest (/home/gjj/web-ii/Assignments/assignment-5-gjj08519/node_modules/jest-circus/build/run.js:149:3)
    at _runTestsForDescribeBlock (/home/gjj/web-ii/Assignments/assignment-5-gjj08519/node_modules/jest-circus/build/run.js:63:9)
    at run (/home/gjj/web-ii/Assignments/assignment-5-gjj08519/node_modules/jest-circus/build/run.js:25:3)
    at runAndTransformResultsToJestFormat (/home/gjj/web-ii/Assignments/assignment-5-gjj08519/node_modules/jest-circus/build/legacy-code-todo-rewrite/jestAdapterInit.js:176:21)
    at jestAdapter (/home/gjj/web-ii/Assignments/assignment-5-gjj08519/node_modules/jest-circus/build/legacy-code-todo-rewrite/jestAdapter.js:109:19)
[2021-4-25 22:12:0] CategoryException: Cannot retrieve Category: Category does not exist with ID 51.
    at CategoryController.show (/home/gjj/web-ii/Assignments/assignment-5-gjj08519/src/controllers/CategoryController.js:134:19)
    at processTicksAndRejections (internal/process/task_queues.js:93:5)
    at Object.<anonymous> (/home/gjj/web-ii/Assignments/assignment-5-gjj08519/tests/controllers/category.test.js:126:2)
    at _callCircusTest (/home/gjj/web-ii/Assignments/assignment-5-gjj08519/node_modules/jest-circus/build/run.js:212:5)
    at _runTest (/home/gjj/web-ii/Assignments/assignment-5-gjj08519/node_modules/jest-circus/build/run.js:149:3)
    at _runTestsForDescribeBlock (/home/gjj/web-ii/Assignments/assignment-5-gjj08519/node_modules/jest-circus/build/run.js:63:9)
    at run (/home/gjj/web-ii/Assignments/assignment-5-gjj08519/node_modules/jest-circus/build/run.js:25:3)
    at runAndTransformResultsToJestFormat (/home/gjj/web-ii/Assignments/assignment-5-gjj08519/node_modules/jest-circus/build/legacy-code-todo-rewrite/jestAdapterInit.js:176:21)
    at jestAdapter (/home/gjj/web-ii/Assignments/assignment-5-gjj08519/node_modules/jest-circus/build/legacy-code-todo-rewrite/jestAdapter.js:109:19)
    at runTestInternal (/home/gjj/web-ii/Assignments/assignment-5-gjj08519/node_modules/jest-runner/build/runTest.js:380:16)
[2021-4-25 22:12:3] CategoryException: Cannot update Category: You must be logged in.
    at CategoryController.getEditForm (/home/gjj/web-ii/Assignments/assignment-5-gjj08519/src/controllers/CategoryController.js:273:19)
    at processTicksAndRejections (internal/process/task_queues.js:93:5)
    at Object.<anonymous> (/home/gjj/web-ii/Assignments/assignment-5-gjj08519/tests/controllers/category.test.js:151:2)
    at _callCircusTest (/home/gjj/web-ii/Assignments/assignment-5-gjj08519/node_modules/jest-circus/build/run.js:212:5)
    at _runTest (/home/gjj/web-ii/Assignments/assignment-5-gjj08519/node_modules/jest-circus/build/run.js:149:3)
    at _runTestsForDescribeBlock (/home/gjj/web-ii/Assignments/assignment-5-gjj08519/node_modules/jest-circus/build/run.js:63:9)
    at run (/home/gjj/web-ii/Assignments/assignment-5-gjj08519/node_modules/jest-circus/build/run.js:25:3)
    at runAndTransformResultsToJestFormat (/home/gjj/web-ii/Assignments/assignment-5-gjj08519/node_modules/jest-circus/build/legacy-code-todo-rewrite/jestAdapterInit.js:176:21)
    at jestAdapter (/home/gjj/web-ii/Assignments/assignment-5-gjj08519/node_modules/jest-circus/build/legacy-code-todo-rewrite/jestAdapter.js:109:19)
    at runTestInternal (/home/gjj/web-ii/Assignments/assignment-5-gjj08519/node_modules/jest-runner/build/runTest.js:380:16)
[2021-4-25 22:12:3] CategoryException: Cannot update Category: Category does not exist with ID 34.
    at CategoryController.getEditForm (/home/gjj/web-ii/Assignments/assignment-5-gjj08519/src/controllers/CategoryController.js:267:19)
    at processTicksAndRejections (internal/process/task_queues.js:93:5)
    at Object.<anonymous> (/home/gjj/web-ii/Assignments/assignment-5-gjj08519/tests/controllers/category.test.js:165:2)
    at _callCircusTest (/home/gjj/web-ii/Assignments/assignment-5-gjj08519/node_modules/jest-circus/build/run.js:212:5)
    at _runTest (/home/gjj/web-ii/Assignments/assignment-5-gjj08519/node_modules/jest-circus/build/run.js:149:3)
    at _runTestsForDescribeBlock (/home/gjj/web-ii/Assignments/assignment-5-gjj08519/node_modules/jest-circus/build/run.js:63:9)
    at run (/home/gjj/web-ii/Assignments/assignment-5-gjj08519/node_modules/jest-circus/build/run.js:25:3)
    at runAndTransformResultsToJestFormat (/home/gjj/web-ii/Assignments/assignment-5-gjj08519/node_modules/jest-circus/build/legacy-code-todo-rewrite/jestAdapterInit.js:176:21)
    at jestAdapter (/home/gjj/web-ii/Assignments/assignment-5-gjj08519/node_modules/jest-circus/build/legacy-code-todo-rewrite/jestAdapter.js:109:19)
    at runTestInternal (/home/gjj/web-ii/Assignments/assignment-5-gjj08519/node_modules/jest-runner/build/runTest.js:380:16)
[2021-4-25 22:12:4] CategoryException: Cannot update Category: You cannot update a category created by someone other than yourself.
    at CategoryController.getEditForm (/home/gjj/web-ii/Assignments/assignment-5-gjj08519/src/controllers/CategoryController.js:276:19)
    at runMicrotasks (<anonymous>)
    at processTicksAndRejections (internal/process/task_queues.js:93:5)
    at Object.<anonymous> (/home/gjj/web-ii/Assignments/assignment-5-gjj08519/tests/controllers/category.test.js:180:2)
    at _callCircusTest (/home/gjj/web-ii/Assignments/assignment-5-gjj08519/node_modules/jest-circus/build/run.js:212:5)
    at _runTest (/home/gjj/web-ii/Assignments/assignment-5-gjj08519/node_modules/jest-circus/build/run.js:149:3)
    at _runTestsForDescribeBlock (/home/gjj/web-ii/Assignments/assignment-5-gjj08519/node_modules/jest-circus/build/run.js:63:9)
    at run (/home/gjj/web-ii/Assignments/assignment-5-gjj08519/node_modules/jest-circus/build/run.js:25:3)
    at runAndTransformResultsToJestFormat (/home/gjj/web-ii/Assignments/assignment-5-gjj08519/node_modules/jest-circus/build/legacy-code-todo-rewrite/jestAdapterInit.js:176:21)
    at jestAdapter (/home/gjj/web-ii/Assignments/assignment-5-gjj08519/node_modules/jest-circus/build/legacy-code-todo-rewrite/jestAdapter.js:109:19)
[2021-4-25 22:12:7] CategoryException: Cannot update Category: You must be logged in.
    at CategoryController.action [as edit] (/home/gjj/web-ii/Assignments/assignment-5-gjj08519/src/controllers/CategoryController.js:161:19)
    at CategoryController.doAction (/home/gjj/web-ii/Assignments/assignment-5-gjj08519/src/controllers/Controller.js:15:21)
    at Object.<anonymous> (/home/gjj/web-ii/Assignments/assignment-5-gjj08519/tests/controllers/category.test.js:232:26)
    at runMicrotasks (<anonymous>)
    at processTicksAndRejections (internal/process/task_queues.js:93:5)
    at _callCircusTest (/home/gjj/web-ii/Assignments/assignment-5-gjj08519/node_modules/jest-circus/build/run.js:212:5)
    at _runTest (/home/gjj/web-ii/Assignments/assignment-5-gjj08519/node_modules/jest-circus/build/run.js:149:3)
    at _runTestsForDescribeBlock (/home/gjj/web-ii/Assignments/assignment-5-gjj08519/node_modules/jest-circus/build/run.js:63:9)
    at run (/home/gjj/web-ii/Assignments/assignment-5-gjj08519/node_modules/jest-circus/build/run.js:25:3)
    at runAndTransformResultsToJestFormat (/home/gjj/web-ii/Assignments/assignment-5-gjj08519/node_modules/jest-circus/build/legacy-code-todo-rewrite/jestAdapterInit.js:176:21)
[2021-4-25 22:12:7] CategoryException: Cannot update Category: Category does not exist with ID 93.
    at CategoryController.edit (/home/gjj/web-ii/Assignments/assignment-5-gjj08519/src/controllers/CategoryController.js:168:19)
    at runMicrotasks (<anonymous>)
    at processTicksAndRejections (internal/process/task_queues.js:93:5)
    at Object.<anonymous> (/home/gjj/web-ii/Assignments/assignment-5-gjj08519/tests/controllers/category.test.js:247:2)
    at _callCircusTest (/home/gjj/web-ii/Assignments/assignment-5-gjj08519/node_modules/jest-circus/build/run.js:212:5)
    at _runTest (/home/gjj/web-ii/Assignments/assignment-5-gjj08519/node_modules/jest-circus/build/run.js:149:3)
    at _runTestsForDescribeBlock (/home/gjj/web-ii/Assignments/assignment-5-gjj08519/node_modules/jest-circus/build/run.js:63:9)
    at run (/home/gjj/web-ii/Assignments/assignment-5-gjj08519/node_modules/jest-circus/build/run.js:25:3)
    at runAndTransformResultsToJestFormat (/home/gjj/web-ii/Assignments/assignment-5-gjj08519/node_modules/jest-circus/build/legacy-code-todo-rewrite/jestAdapterInit.js:176:21)
    at jestAdapter (/home/gjj/web-ii/Assignments/assignment-5-gjj08519/node_modules/jest-circus/build/legacy-code-todo-rewrite/jestAdapter.js:109:19)
[2021-4-25 22:12:8] CategoryException: Cannot update Category: You cannot update a category created by someone other than yourself.
    at CategoryController.edit (/home/gjj/web-ii/Assignments/assignment-5-gjj08519/src/controllers/CategoryController.js:203:19)
    at runMicrotasks (<anonymous>)
    at processTicksAndRejections (internal/process/task_queues.js:93:5)
    at Object.<anonymous> (/home/gjj/web-ii/Assignments/assignment-5-gjj08519/tests/controllers/category.test.js:266:2)
    at _callCircusTest (/home/gjj/web-ii/Assignments/assignment-5-gjj08519/node_modules/jest-circus/build/run.js:212:5)
    at _runTest (/home/gjj/web-ii/Assignments/assignment-5-gjj08519/node_modules/jest-circus/build/run.js:149:3)
    at _runTestsForDescribeBlock (/home/gjj/web-ii/Assignments/assignment-5-gjj08519/node_modules/jest-circus/build/run.js:63:9)
    at run (/home/gjj/web-ii/Assignments/assignment-5-gjj08519/node_modules/jest-circus/build/run.js:25:3)
    at runAndTransformResultsToJestFormat (/home/gjj/web-ii/Assignments/assignment-5-gjj08519/node_modules/jest-circus/build/legacy-code-todo-rewrite/jestAdapterInit.js:176:21)
    at jestAdapter (/home/gjj/web-ii/Assignments/assignment-5-gjj08519/node_modules/jest-circus/build/legacy-code-todo-rewrite/jestAdapter.js:109:19)
[2021-4-25 22:12:9] CategoryException: Cannot update Category: No update parameters were provided.
    at CategoryController.edit (/home/gjj/web-ii/Assignments/assignment-5-gjj08519/src/controllers/CategoryController.js:171:19)
    at runMicrotasks (<anonymous>)
    at processTicksAndRejections (internal/process/task_queues.js:93:5)
    at Object.<anonymous> (/home/gjj/web-ii/Assignments/assignment-5-gjj08519/tests/controllers/category.test.js:284:2)
    at _callCircusTest (/home/gjj/web-ii/Assignments/assignment-5-gjj08519/node_modules/jest-circus/build/run.js:212:5)
    at _runTest (/home/gjj/web-ii/Assignments/assignment-5-gjj08519/node_modules/jest-circus/build/run.js:149:3)
    at _runTestsForDescribeBlock (/home/gjj/web-ii/Assignments/assignment-5-gjj08519/node_modules/jest-circus/build/run.js:63:9)
    at run (/home/gjj/web-ii/Assignments/assignment-5-gjj08519/node_modules/jest-circus/build/run.js:25:3)
    at runAndTransformResultsToJestFormat (/home/gjj/web-ii/Assignments/assignment-5-gjj08519/node_modules/jest-circus/build/legacy-code-todo-rewrite/jestAdapterInit.js:176:21)
    at jestAdapter (/home/gjj/web-ii/Assignments/assignment-5-gjj08519/node_modules/jest-circus/build/legacy-code-todo-rewrite/jestAdapter.js:109:19)
[2021-4-25 22:12:11] CategoryException: Cannot delete Category: You must be logged in.
    at CategoryController.action [as destroy] (/home/gjj/web-ii/Assignments/assignment-5-gjj08519/src/controllers/CategoryController.js:226:19)
    at CategoryController.doAction (/home/gjj/web-ii/Assignments/assignment-5-gjj08519/src/controllers/Controller.js:15:21)
    at Object.<anonymous> (/home/gjj/web-ii/Assignments/assignment-5-gjj08519/tests/controllers/category.test.js:326:26)
    at runMicrotasks (<anonymous>)
    at processTicksAndRejections (internal/process/task_queues.js:93:5)
[2021-4-25 22:12:11] CategoryException: Cannot delete Category: Category does not exist with ID 73.
    at CategoryController.destroy (/home/gjj/web-ii/Assignments/assignment-5-gjj08519/src/controllers/CategoryController.js:232:19)
    at runMicrotasks (<anonymous>)
    at processTicksAndRejections (internal/process/task_queues.js:93:5)
    at Object.<anonymous> (/home/gjj/web-ii/Assignments/assignment-5-gjj08519/tests/controllers/category.test.js:341:2)
    at _callCircusTest (/home/gjj/web-ii/Assignments/assignment-5-gjj08519/node_modules/jest-circus/build/run.js:212:5)
    at _runTest (/home/gjj/web-ii/Assignments/assignment-5-gjj08519/node_modules/jest-circus/build/run.js:149:3)
    at _runTestsForDescribeBlock (/home/gjj/web-ii/Assignments/assignment-5-gjj08519/node_modules/jest-circus/build/run.js:63:9)
    at run (/home/gjj/web-ii/Assignments/assignment-5-gjj08519/node_modules/jest-circus/build/run.js:25:3)
    at runAndTransformResultsToJestFormat (/home/gjj/web-ii/Assignments/assignment-5-gjj08519/node_modules/jest-circus/build/legacy-code-todo-rewrite/jestAdapterInit.js:176:21)
    at jestAdapter (/home/gjj/web-ii/Assignments/assignment-5-gjj08519/node_modules/jest-circus/build/legacy-code-todo-rewrite/jestAdapter.js:109:19)
[2021-4-25 22:12:12] CategoryException: Cannot delete Category: You cannot delete a category created by someone other than yourself.
    at CategoryController.destroy (/home/gjj/web-ii/Assignments/assignment-5-gjj08519/src/controllers/CategoryController.js:235:19)
    at runMicrotasks (<anonymous>)
    at processTicksAndRejections (internal/process/task_queues.js:93:5)
    at Object.<anonymous> (/home/gjj/web-ii/Assignments/assignment-5-gjj08519/tests/controllers/category.test.js:356:2)
    at _callCircusTest (/home/gjj/web-ii/Assignments/assignment-5-gjj08519/node_modules/jest-circus/build/run.js:212:5)
    at _runTest (/home/gjj/web-ii/Assignments/assignment-5-gjj08519/node_modules/jest-circus/build/run.js:149:3)
    at _runTestsForDescribeBlock (/home/gjj/web-ii/Assignments/assignment-5-gjj08519/node_modules/jest-circus/build/run.js:63:9)
    at run (/home/gjj/web-ii/Assignments/assignment-5-gjj08519/node_modules/jest-circus/build/run.js:25:3)
    at runAndTransformResultsToJestFormat (/home/gjj/web-ii/Assignments/assignment-5-gjj08519/node_modules/jest-circus/build/legacy-code-todo-rewrite/jestAdapterInit.js:176:21)
    at jestAdapter (/home/gjj/web-ii/Assignments/assignment-5-gjj08519/node_modules/jest-circus/build/legacy-code-todo-rewrite/jestAdapter.js:109:19)
[2021-4-25 22:12:46] PostException: Cannot create Post: You must be logged in.
    at PostController.new (/home/gjj/web-ii/Assignments/assignment-5-gjj08519/src/controllers/PostController.js:55:19)
    at processTicksAndRejections (internal/process/task_queues.js:93:5)
    at Object.<anonymous> (/home/gjj/web-ii/Assignments/assignment-5-gjj08519/tests/controllers/post.test.js:72:2)
    at _callCircusTest (/home/gjj/web-ii/Assignments/assignment-5-gjj08519/node_modules/jest-circus/build/run.js:212:5)
    at _runTest (/home/gjj/web-ii/Assignments/assignment-5-gjj08519/node_modules/jest-circus/build/run.js:149:3)
    at _runTestsForDescribeBlock (/home/gjj/web-ii/Assignments/assignment-5-gjj08519/node_modules/jest-circus/build/run.js:63:9)
    at run (/home/gjj/web-ii/Assignments/assignment-5-gjj08519/node_modules/jest-circus/build/run.js:25:3)
    at runAndTransformResultsToJestFormat (/home/gjj/web-ii/Assignments/assignment-5-gjj08519/node_modules/jest-circus/build/legacy-code-todo-rewrite/jestAdapterInit.js:176:21)
    at jestAdapter (/home/gjj/web-ii/Assignments/assignment-5-gjj08519/node_modules/jest-circus/build/legacy-code-todo-rewrite/jestAdapter.js:109:19)
    at runTestInternal (/home/gjj/web-ii/Assignments/assignment-5-gjj08519/node_modules/jest-runner/build/runTest.js:380:16)
[2021-4-25 22:12:49] PostException: Cannot retrieve Post: Post does not exist with ID 90.
    at PostController.show (/home/gjj/web-ii/Assignments/assignment-5-gjj08519/src/controllers/PostController.js:74:19)
    at processTicksAndRejections (internal/process/task_queues.js:93:5)
    at Object.<anonymous> (/home/gjj/web-ii/Assignments/assignment-5-gjj08519/tests/controllers/post.test.js:106:2)
    at _callCircusTest (/home/gjj/web-ii/Assignments/assignment-5-gjj08519/node_modules/jest-circus/build/run.js:212:5)
    at _runTest (/home/gjj/web-ii/Assignments/assignment-5-gjj08519/node_modules/jest-circus/build/run.js:149:3)
    at _runTestsForDescribeBlock (/home/gjj/web-ii/Assignments/assignment-5-gjj08519/node_modules/jest-circus/build/run.js:63:9)
    at run (/home/gjj/web-ii/Assignments/assignment-5-gjj08519/node_modules/jest-circus/build/run.js:25:3)
    at runAndTransformResultsToJestFormat (/home/gjj/web-ii/Assignments/assignment-5-gjj08519/node_modules/jest-circus/build/legacy-code-todo-rewrite/jestAdapterInit.js:176:21)
    at jestAdapter (/home/gjj/web-ii/Assignments/assignment-5-gjj08519/node_modules/jest-circus/build/legacy-code-todo-rewrite/jestAdapter.js:109:19)
    at runTestInternal (/home/gjj/web-ii/Assignments/assignment-5-gjj08519/node_modules/jest-runner/build/runTest.js:380:16)
[2021-4-25 22:12:52] PostException: Cannot update Post: You must be logged in.
    at PostController.getEditForm (/home/gjj/web-ii/Assignments/assignment-5-gjj08519/src/controllers/PostController.js:262:19)
    at runMicrotasks (<anonymous>)
    at processTicksAndRejections (internal/process/task_queues.js:93:5)
    at Object.<anonymous> (/home/gjj/web-ii/Assignments/assignment-5-gjj08519/tests/controllers/post.test.js:131:2)
    at _callCircusTest (/home/gjj/web-ii/Assignments/assignment-5-gjj08519/node_modules/jest-circus/build/run.js:212:5)
    at _runTest (/home/gjj/web-ii/Assignments/assignment-5-gjj08519/node_modules/jest-circus/build/run.js:149:3)
    at _runTestsForDescribeBlock (/home/gjj/web-ii/Assignments/assignment-5-gjj08519/node_modules/jest-circus/build/run.js:63:9)
    at run (/home/gjj/web-ii/Assignments/assignment-5-gjj08519/node_modules/jest-circus/build/run.js:25:3)
    at runAndTransformResultsToJestFormat (/home/gjj/web-ii/Assignments/assignment-5-gjj08519/node_modules/jest-circus/build/legacy-code-todo-rewrite/jestAdapterInit.js:176:21)
    at jestAdapter (/home/gjj/web-ii/Assignments/assignment-5-gjj08519/node_modules/jest-circus/build/legacy-code-todo-rewrite/jestAdapter.js:109:19)
[2021-4-25 22:12:53] PostException: Cannot update Post: Post does not exist with ID 23.
    at PostController.getEditForm (/home/gjj/web-ii/Assignments/assignment-5-gjj08519/src/controllers/PostController.js:257:19)
    at runMicrotasks (<anonymous>)
    at processTicksAndRejections (internal/process/task_queues.js:93:5)
    at Object.<anonymous> (/home/gjj/web-ii/Assignments/assignment-5-gjj08519/tests/controllers/post.test.js:145:2)
    at _callCircusTest (/home/gjj/web-ii/Assignments/assignment-5-gjj08519/node_modules/jest-circus/build/run.js:212:5)
    at _runTest (/home/gjj/web-ii/Assignments/assignment-5-gjj08519/node_modules/jest-circus/build/run.js:149:3)
    at _runTestsForDescribeBlock (/home/gjj/web-ii/Assignments/assignment-5-gjj08519/node_modules/jest-circus/build/run.js:63:9)
    at run (/home/gjj/web-ii/Assignments/assignment-5-gjj08519/node_modules/jest-circus/build/run.js:25:3)
    at runAndTransformResultsToJestFormat (/home/gjj/web-ii/Assignments/assignment-5-gjj08519/node_modules/jest-circus/build/legacy-code-todo-rewrite/jestAdapterInit.js:176:21)
    at jestAdapter (/home/gjj/web-ii/Assignments/assignment-5-gjj08519/node_modules/jest-circus/build/legacy-code-todo-rewrite/jestAdapter.js:109:19)
[2021-4-25 22:12:55] PostException: Cannot update Post: You cannot update a post created by someone other than yourself.
    at PostController.getEditForm (/home/gjj/web-ii/Assignments/assignment-5-gjj08519/src/controllers/PostController.js:265:19)
    at runMicrotasks (<anonymous>)
    at processTicksAndRejections (internal/process/task_queues.js:93:5)
    at Object.<anonymous> (/home/gjj/web-ii/Assignments/assignment-5-gjj08519/tests/controllers/post.test.js:160:2)
    at _callCircusTest (/home/gjj/web-ii/Assignments/assignment-5-gjj08519/node_modules/jest-circus/build/run.js:212:5)
    at _runTest (/home/gjj/web-ii/Assignments/assignment-5-gjj08519/node_modules/jest-circus/build/run.js:149:3)
    at _runTestsForDescribeBlock (/home/gjj/web-ii/Assignments/assignment-5-gjj08519/node_modules/jest-circus/build/run.js:63:9)
    at run (/home/gjj/web-ii/Assignments/assignment-5-gjj08519/node_modules/jest-circus/build/run.js:25:3)
    at runAndTransformResultsToJestFormat (/home/gjj/web-ii/Assignments/assignment-5-gjj08519/node_modules/jest-circus/build/legacy-code-todo-rewrite/jestAdapterInit.js:176:21)
    at jestAdapter (/home/gjj/web-ii/Assignments/assignment-5-gjj08519/node_modules/jest-circus/build/legacy-code-todo-rewrite/jestAdapter.js:109:19)
[2021-4-25 22:13:0] PostException: Cannot update Post: You must be logged in.
    at PostController.edit (/home/gjj/web-ii/Assignments/assignment-5-gjj08519/src/controllers/PostController.js:176:19)
    at runMicrotasks (<anonymous>)
    at processTicksAndRejections (internal/process/task_queues.js:93:5)
    at Object.<anonymous> (/home/gjj/web-ii/Assignments/assignment-5-gjj08519/tests/controllers/post.test.js:212:2)
    at _callCircusTest (/home/gjj/web-ii/Assignments/assignment-5-gjj08519/node_modules/jest-circus/build/run.js:212:5)
    at _runTest (/home/gjj/web-ii/Assignments/assignment-5-gjj08519/node_modules/jest-circus/build/run.js:149:3)
    at _runTestsForDescribeBlock (/home/gjj/web-ii/Assignments/assignment-5-gjj08519/node_modules/jest-circus/build/run.js:63:9)
    at run (/home/gjj/web-ii/Assignments/assignment-5-gjj08519/node_modules/jest-circus/build/run.js:25:3)
    at runAndTransformResultsToJestFormat (/home/gjj/web-ii/Assignments/assignment-5-gjj08519/node_modules/jest-circus/build/legacy-code-todo-rewrite/jestAdapterInit.js:176:21)
    at jestAdapter (/home/gjj/web-ii/Assignments/assignment-5-gjj08519/node_modules/jest-circus/build/legacy-code-todo-rewrite/jestAdapter.js:109:19)
[2021-4-25 22:13:1] PostException: Cannot update Post: Post does not exist with ID 20.
    at PostController.edit (/home/gjj/web-ii/Assignments/assignment-5-gjj08519/src/controllers/PostController.js:170:19)
    at runMicrotasks (<anonymous>)
    at processTicksAndRejections (internal/process/task_queues.js:93:5)
    at Object.<anonymous> (/home/gjj/web-ii/Assignments/assignment-5-gjj08519/tests/controllers/post.test.js:227:2)
    at _callCircusTest (/home/gjj/web-ii/Assignments/assignment-5-gjj08519/node_modules/jest-circus/build/run.js:212:5)
    at _runTest (/home/gjj/web-ii/Assignments/assignment-5-gjj08519/node_modules/jest-circus/build/run.js:149:3)
    at _runTestsForDescribeBlock (/home/gjj/web-ii/Assignments/assignment-5-gjj08519/node_modules/jest-circus/build/run.js:63:9)
    at run (/home/gjj/web-ii/Assignments/assignment-5-gjj08519/node_modules/jest-circus/build/run.js:25:3)
    at runAndTransformResultsToJestFormat (/home/gjj/web-ii/Assignments/assignment-5-gjj08519/node_modules/jest-circus/build/legacy-code-todo-rewrite/jestAdapterInit.js:176:21)
    at jestAdapter (/home/gjj/web-ii/Assignments/assignment-5-gjj08519/node_modules/jest-circus/build/legacy-code-todo-rewrite/jestAdapter.js:109:19)
[2021-4-25 22:13:4] PostException: Cannot update Post: You cannot update a post created by someone other than yourself.
    at PostController.edit (/home/gjj/web-ii/Assignments/assignment-5-gjj08519/src/controllers/PostController.js:183:19)
    at runMicrotasks (<anonymous>)
    at processTicksAndRejections (internal/process/task_queues.js:93:5)
    at Object.<anonymous> (/home/gjj/web-ii/Assignments/assignment-5-gjj08519/tests/controllers/post.test.js:243:2)
    at _callCircusTest (/home/gjj/web-ii/Assignments/assignment-5-gjj08519/node_modules/jest-circus/build/run.js:212:5)
    at _runTest (/home/gjj/web-ii/Assignments/assignment-5-gjj08519/node_modules/jest-circus/build/run.js:149:3)
    at _runTestsForDescribeBlock (/home/gjj/web-ii/Assignments/assignment-5-gjj08519/node_modules/jest-circus/build/run.js:63:9)
    at run (/home/gjj/web-ii/Assignments/assignment-5-gjj08519/node_modules/jest-circus/build/run.js:25:3)
    at runAndTransformResultsToJestFormat (/home/gjj/web-ii/Assignments/assignment-5-gjj08519/node_modules/jest-circus/build/legacy-code-todo-rewrite/jestAdapterInit.js:176:21)
    at jestAdapter (/home/gjj/web-ii/Assignments/assignment-5-gjj08519/node_modules/jest-circus/build/legacy-code-todo-rewrite/jestAdapter.js:109:19)
[2021-4-25 22:13:6] PostException: Cannot update Post: No update parameters were provided.
    at PostController.edit (/home/gjj/web-ii/Assignments/assignment-5-gjj08519/src/controllers/PostController.js:180:19)
    at runMicrotasks (<anonymous>)
    at processTicksAndRejections (internal/process/task_queues.js:93:5)
    at Object.<anonymous> (/home/gjj/web-ii/Assignments/assignment-5-gjj08519/tests/controllers/post.test.js:258:2)
    at _callCircusTest (/home/gjj/web-ii/Assignments/assignment-5-gjj08519/node_modules/jest-circus/build/run.js:212:5)
    at _runTest (/home/gjj/web-ii/Assignments/assignment-5-gjj08519/node_modules/jest-circus/build/run.js:149:3)
    at _runTestsForDescribeBlock (/home/gjj/web-ii/Assignments/assignment-5-gjj08519/node_modules/jest-circus/build/run.js:63:9)
    at run (/home/gjj/web-ii/Assignments/assignment-5-gjj08519/node_modules/jest-circus/build/run.js:25:3)
    at runAndTransformResultsToJestFormat (/home/gjj/web-ii/Assignments/assignment-5-gjj08519/node_modules/jest-circus/build/legacy-code-todo-rewrite/jestAdapterInit.js:176:21)
    at jestAdapter (/home/gjj/web-ii/Assignments/assignment-5-gjj08519/node_modules/jest-circus/build/legacy-code-todo-rewrite/jestAdapter.js:109:19)
[2021-4-25 22:13:9] PostException: Cannot delete Post: You must be logged in.
    at PostController.destroy (/home/gjj/web-ii/Assignments/assignment-5-gjj08519/src/controllers/PostController.js:231:19)
    at runMicrotasks (<anonymous>)
    at processTicksAndRejections (internal/process/task_queues.js:93:5)
    at Object.<anonymous> (/home/gjj/web-ii/Assignments/assignment-5-gjj08519/tests/controllers/post.test.js:308:2)
    at _callCircusTest (/home/gjj/web-ii/Assignments/assignment-5-gjj08519/node_modules/jest-circus/build/run.js:212:5)
    at _runTest (/home/gjj/web-ii/Assignments/assignment-5-gjj08519/node_modules/jest-circus/build/run.js:149:3)
    at _runTestsForDescribeBlock (/home/gjj/web-ii/Assignments/assignment-5-gjj08519/node_modules/jest-circus/build/run.js:63:9)
    at run (/home/gjj/web-ii/Assignments/assignment-5-gjj08519/node_modules/jest-circus/build/run.js:25:3)
    at runAndTransformResultsToJestFormat (/home/gjj/web-ii/Assignments/assignment-5-gjj08519/node_modules/jest-circus/build/legacy-code-todo-rewrite/jestAdapterInit.js:176:21)
    at jestAdapter (/home/gjj/web-ii/Assignments/assignment-5-gjj08519/node_modules/jest-circus/build/legacy-code-todo-rewrite/jestAdapter.js:109:19)
[2021-4-25 22:13:10] PostException: Cannot delete Post: Post does not exist with ID 46.
    at PostController.destroy (/home/gjj/web-ii/Assignments/assignment-5-gjj08519/src/controllers/PostController.js:234:19)
    at runMicrotasks (<anonymous>)
    at processTicksAndRejections (internal/process/task_queues.js:93:5)
    at Object.<anonymous> (/home/gjj/web-ii/Assignments/assignment-5-gjj08519/tests/controllers/post.test.js:323:2)
    at _callCircusTest (/home/gjj/web-ii/Assignments/assignment-5-gjj08519/node_modules/jest-circus/build/run.js:212:5)
    at _runTest (/home/gjj/web-ii/Assignments/assignment-5-gjj08519/node_modules/jest-circus/build/run.js:149:3)
    at _runTestsForDescribeBlock (/home/gjj/web-ii/Assignments/assignment-5-gjj08519/node_modules/jest-circus/build/run.js:63:9)
    at run (/home/gjj/web-ii/Assignments/assignment-5-gjj08519/node_modules/jest-circus/build/run.js:25:3)
    at runAndTransformResultsToJestFormat (/home/gjj/web-ii/Assignments/assignment-5-gjj08519/node_modules/jest-circus/build/legacy-code-todo-rewrite/jestAdapterInit.js:176:21)
    at jestAdapter (/home/gjj/web-ii/Assignments/assignment-5-gjj08519/node_modules/jest-circus/build/legacy-code-todo-rewrite/jestAdapter.js:109:19)
[2021-4-25 22:13:12] PostException: Cannot delete Post: You cannot delete a post created by someone other than yourself.
    at PostController.destroy (/home/gjj/web-ii/Assignments/assignment-5-gjj08519/src/controllers/PostController.js:238:19)
    at runMicrotasks (<anonymous>)
    at processTicksAndRejections (internal/process/task_queues.js:93:5)
    at Object.<anonymous> (/home/gjj/web-ii/Assignments/assignment-5-gjj08519/tests/controllers/post.test.js:338:2)
    at _callCircusTest (/home/gjj/web-ii/Assignments/assignment-5-gjj08519/node_modules/jest-circus/build/run.js:212:5)
    at _runTest (/home/gjj/web-ii/Assignments/assignment-5-gjj08519/node_modules/jest-circus/build/run.js:149:3)
    at _runTestsForDescribeBlock (/home/gjj/web-ii/Assignments/assignment-5-gjj08519/node_modules/jest-circus/build/run.js:63:9)
    at run (/home/gjj/web-ii/Assignments/assignment-5-gjj08519/node_modules/jest-circus/build/run.js:25:3)
    at runAndTransformResultsToJestFormat (/home/gjj/web-ii/Assignments/assignment-5-gjj08519/node_modules/jest-circus/build/legacy-code-todo-rewrite/jestAdapterInit.js:176:21)
    at jestAdapter (/home/gjj/web-ii/Assignments/assignment-5-gjj08519/node_modules/jest-circus/build/legacy-code-todo-rewrite/jestAdapter.js:109:19)
[2021-4-25 22:13:52] CommentException: Cannot create Comment: You must be logged in.
    at CommentController.new (/home/gjj/web-ii/Assignments/assignment-5-gjj08519/src/controllers/CommentController.js:58:19)
    at processTicksAndRejections (internal/process/task_queues.js:93:5)
    at Object.<anonymous> (/home/gjj/web-ii/Assignments/assignment-5-gjj08519/tests/controllers/comment.test.js:71:2)
    at _callCircusTest (/home/gjj/web-ii/Assignments/assignment-5-gjj08519/node_modules/jest-circus/build/run.js:212:5)
    at _runTest (/home/gjj/web-ii/Assignments/assignment-5-gjj08519/node_modules/jest-circus/build/run.js:149:3)
    at _runTestsForDescribeBlock (/home/gjj/web-ii/Assignments/assignment-5-gjj08519/node_modules/jest-circus/build/run.js:63:9)
    at run (/home/gjj/web-ii/Assignments/assignment-5-gjj08519/node_modules/jest-circus/build/run.js:25:3)
    at runAndTransformResultsToJestFormat (/home/gjj/web-ii/Assignments/assignment-5-gjj08519/node_modules/jest-circus/build/legacy-code-todo-rewrite/jestAdapterInit.js:176:21)
    at jestAdapter (/home/gjj/web-ii/Assignments/assignment-5-gjj08519/node_modules/jest-circus/build/legacy-code-todo-rewrite/jestAdapter.js:109:19)
    at runTestInternal (/home/gjj/web-ii/Assignments/assignment-5-gjj08519/node_modules/jest-runner/build/runTest.js:380:16)
[2021-4-25 22:13:57] CommentException: Cannot retrieve Comment: Comment does not exist with ID 30.
    at CommentController.show (/home/gjj/web-ii/Assignments/assignment-5-gjj08519/src/controllers/CommentController.js:87:19)
    at runMicrotasks (<anonymous>)
    at processTicksAndRejections (internal/process/task_queues.js:93:5)
    at Object.<anonymous> (/home/gjj/web-ii/Assignments/assignment-5-gjj08519/tests/controllers/comment.test.js:104:2)
    at _callCircusTest (/home/gjj/web-ii/Assignments/assignment-5-gjj08519/node_modules/jest-circus/build/run.js:212:5)
    at _runTest (/home/gjj/web-ii/Assignments/assignment-5-gjj08519/node_modules/jest-circus/build/run.js:149:3)
    at _runTestsForDescribeBlock (/home/gjj/web-ii/Assignments/assignment-5-gjj08519/node_modules/jest-circus/build/run.js:63:9)
    at run (/home/gjj/web-ii/Assignments/assignment-5-gjj08519/node_modules/jest-circus/build/run.js:25:3)
    at runAndTransformResultsToJestFormat (/home/gjj/web-ii/Assignments/assignment-5-gjj08519/node_modules/jest-circus/build/legacy-code-todo-rewrite/jestAdapterInit.js:176:21)
    at jestAdapter (/home/gjj/web-ii/Assignments/assignment-5-gjj08519/node_modules/jest-circus/build/legacy-code-todo-rewrite/jestAdapter.js:109:19)
[2021-4-25 22:14:3] CommentException: Cannot update Comment: You must be logged in.
    at CommentController.getEditForm (/home/gjj/web-ii/Assignments/assignment-5-gjj08519/src/controllers/CommentController.js:279:19)
    at runMicrotasks (<anonymous>)
    at processTicksAndRejections (internal/process/task_queues.js:93:5)
    at Object.<anonymous> (/home/gjj/web-ii/Assignments/assignment-5-gjj08519/tests/controllers/comment.test.js:129:2)
    at _callCircusTest (/home/gjj/web-ii/Assignments/assignment-5-gjj08519/node_modules/jest-circus/build/run.js:212:5)
    at _runTest (/home/gjj/web-ii/Assignments/assignment-5-gjj08519/node_modules/jest-circus/build/run.js:149:3)
    at _runTestsForDescribeBlock (/home/gjj/web-ii/Assignments/assignment-5-gjj08519/node_modules/jest-circus/build/run.js:63:9)
    at run (/home/gjj/web-ii/Assignments/assignment-5-gjj08519/node_modules/jest-circus/build/run.js:25:3)
    at runAndTransformResultsToJestFormat (/home/gjj/web-ii/Assignments/assignment-5-gjj08519/node_modules/jest-circus/build/legacy-code-todo-rewrite/jestAdapterInit.js:176:21)
    at jestAdapter (/home/gjj/web-ii/Assignments/assignment-5-gjj08519/node_modules/jest-circus/build/legacy-code-todo-rewrite/jestAdapter.js:109:19)
[2021-4-25 22:14:5] CommentException: Cannot update Comment: Comment does not exist with ID 50.
    at CommentController.getEditForm (/home/gjj/web-ii/Assignments/assignment-5-gjj08519/src/controllers/CommentController.js:276:19)
    at runMicrotasks (<anonymous>)
    at processTicksAndRejections (internal/process/task_queues.js:93:5)
    at Object.<anonymous> (/home/gjj/web-ii/Assignments/assignment-5-gjj08519/tests/controllers/comment.test.js:143:2)
    at _callCircusTest (/home/gjj/web-ii/Assignments/assignment-5-gjj08519/node_modules/jest-circus/build/run.js:212:5)
    at _runTest (/home/gjj/web-ii/Assignments/assignment-5-gjj08519/node_modules/jest-circus/build/run.js:149:3)
    at _runTestsForDescribeBlock (/home/gjj/web-ii/Assignments/assignment-5-gjj08519/node_modules/jest-circus/build/run.js:63:9)
    at run (/home/gjj/web-ii/Assignments/assignment-5-gjj08519/node_modules/jest-circus/build/run.js:25:3)
    at runAndTransformResultsToJestFormat (/home/gjj/web-ii/Assignments/assignment-5-gjj08519/node_modules/jest-circus/build/legacy-code-todo-rewrite/jestAdapterInit.js:176:21)
    at jestAdapter (/home/gjj/web-ii/Assignments/assignment-5-gjj08519/node_modules/jest-circus/build/legacy-code-todo-rewrite/jestAdapter.js:109:19)
[2021-4-25 22:14:8] CommentException: Cannot update Comment: You cannot update a comment created by someone other than yourself.
    at CommentController.getEditForm (/home/gjj/web-ii/Assignments/assignment-5-gjj08519/src/controllers/CommentController.js:282:19)
    at runMicrotasks (<anonymous>)
    at processTicksAndRejections (internal/process/task_queues.js:93:5)
    at Object.<anonymous> (/home/gjj/web-ii/Assignments/assignment-5-gjj08519/tests/controllers/comment.test.js:158:2)
    at _callCircusTest (/home/gjj/web-ii/Assignments/assignment-5-gjj08519/node_modules/jest-circus/build/run.js:212:5)
    at _runTest (/home/gjj/web-ii/Assignments/assignment-5-gjj08519/node_modules/jest-circus/build/run.js:149:3)
    at _runTestsForDescribeBlock (/home/gjj/web-ii/Assignments/assignment-5-gjj08519/node_modules/jest-circus/build/run.js:63:9)
    at run (/home/gjj/web-ii/Assignments/assignment-5-gjj08519/node_modules/jest-circus/build/run.js:25:3)
    at runAndTransformResultsToJestFormat (/home/gjj/web-ii/Assignments/assignment-5-gjj08519/node_modules/jest-circus/build/legacy-code-todo-rewrite/jestAdapterInit.js:176:21)
    at jestAdapter (/home/gjj/web-ii/Assignments/assignment-5-gjj08519/node_modules/jest-circus/build/legacy-code-todo-rewrite/jestAdapter.js:109:19)
[2021-4-25 22:14:17] CommentException: Cannot update Comment: You must be logged in.
    at CommentController.edit (/home/gjj/web-ii/Assignments/assignment-5-gjj08519/src/controllers/CommentController.js:179:19)
    at runMicrotasks (<anonymous>)
    at processTicksAndRejections (internal/process/task_queues.js:93:5)
    at Object.<anonymous> (/home/gjj/web-ii/Assignments/assignment-5-gjj08519/tests/controllers/comment.test.js:209:2)
    at _callCircusTest (/home/gjj/web-ii/Assignments/assignment-5-gjj08519/node_modules/jest-circus/build/run.js:212:5)
    at _runTest (/home/gjj/web-ii/Assignments/assignment-5-gjj08519/node_modules/jest-circus/build/run.js:149:3)
    at _runTestsForDescribeBlock (/home/gjj/web-ii/Assignments/assignment-5-gjj08519/node_modules/jest-circus/build/run.js:63:9)
    at run (/home/gjj/web-ii/Assignments/assignment-5-gjj08519/node_modules/jest-circus/build/run.js:25:3)
    at runAndTransformResultsToJestFormat (/home/gjj/web-ii/Assignments/assignment-5-gjj08519/node_modules/jest-circus/build/legacy-code-todo-rewrite/jestAdapterInit.js:176:21)
    at jestAdapter (/home/gjj/web-ii/Assignments/assignment-5-gjj08519/node_modules/jest-circus/build/legacy-code-todo-rewrite/jestAdapter.js:109:19)
[2021-4-25 22:14:18] CommentException: Cannot update Comment: Comment does not exist with ID 60.
    at CommentController.edit (/home/gjj/web-ii/Assignments/assignment-5-gjj08519/src/controllers/CommentController.js:183:19)
    at runMicrotasks (<anonymous>)
    at processTicksAndRejections (internal/process/task_queues.js:93:5)
    at Object.<anonymous> (/home/gjj/web-ii/Assignments/assignment-5-gjj08519/tests/controllers/comment.test.js:224:2)
    at _callCircusTest (/home/gjj/web-ii/Assignments/assignment-5-gjj08519/node_modules/jest-circus/build/run.js:212:5)
    at _runTest (/home/gjj/web-ii/Assignments/assignment-5-gjj08519/node_modules/jest-circus/build/run.js:149:3)
    at _runTestsForDescribeBlock (/home/gjj/web-ii/Assignments/assignment-5-gjj08519/node_modules/jest-circus/build/run.js:63:9)
    at run (/home/gjj/web-ii/Assignments/assignment-5-gjj08519/node_modules/jest-circus/build/run.js:25:3)
    at runAndTransformResultsToJestFormat (/home/gjj/web-ii/Assignments/assignment-5-gjj08519/node_modules/jest-circus/build/legacy-code-todo-rewrite/jestAdapterInit.js:176:21)
    at jestAdapter (/home/gjj/web-ii/Assignments/assignment-5-gjj08519/node_modules/jest-circus/build/legacy-code-todo-rewrite/jestAdapter.js:109:19)
[2021-4-25 22:14:22] CommentException: Cannot update Comment: You cannot update a comment created by someone other than yourself.
    at CommentController.edit (/home/gjj/web-ii/Assignments/assignment-5-gjj08519/src/controllers/CommentController.js:213:19)
    at runMicrotasks (<anonymous>)
    at processTicksAndRejections (internal/process/task_queues.js:93:5)
    at Object.<anonymous> (/home/gjj/web-ii/Assignments/assignment-5-gjj08519/tests/controllers/comment.test.js:240:2)
    at _callCircusTest (/home/gjj/web-ii/Assignments/assignment-5-gjj08519/node_modules/jest-circus/build/run.js:212:5)
    at _runTest (/home/gjj/web-ii/Assignments/assignment-5-gjj08519/node_modules/jest-circus/build/run.js:149:3)
    at _runTestsForDescribeBlock (/home/gjj/web-ii/Assignments/assignment-5-gjj08519/node_modules/jest-circus/build/run.js:63:9)
    at run (/home/gjj/web-ii/Assignments/assignment-5-gjj08519/node_modules/jest-circus/build/run.js:25:3)
    at runAndTransformResultsToJestFormat (/home/gjj/web-ii/Assignments/assignment-5-gjj08519/node_modules/jest-circus/build/legacy-code-todo-rewrite/jestAdapterInit.js:176:21)
    at jestAdapter (/home/gjj/web-ii/Assignments/assignment-5-gjj08519/node_modules/jest-circus/build/legacy-code-todo-rewrite/jestAdapter.js:109:19)
[2021-4-25 22:14:26] CommentException: Cannot update Comment: No update parameters were provided.
    at CommentController.edit (/home/gjj/web-ii/Assignments/assignment-5-gjj08519/src/controllers/CommentController.js:186:19)
    at runMicrotasks (<anonymous>)
    at processTicksAndRejections (internal/process/task_queues.js:93:5)
    at Object.<anonymous> (/home/gjj/web-ii/Assignments/assignment-5-gjj08519/tests/controllers/comment.test.js:255:2)
    at _callCircusTest (/home/gjj/web-ii/Assignments/assignment-5-gjj08519/node_modules/jest-circus/build/run.js:212:5)
    at _runTest (/home/gjj/web-ii/Assignments/assignment-5-gjj08519/node_modules/jest-circus/build/run.js:149:3)
    at _runTestsForDescribeBlock (/home/gjj/web-ii/Assignments/assignment-5-gjj08519/node_modules/jest-circus/build/run.js:63:9)
    at run (/home/gjj/web-ii/Assignments/assignment-5-gjj08519/node_modules/jest-circus/build/run.js:25:3)
    at runAndTransformResultsToJestFormat (/home/gjj/web-ii/Assignments/assignment-5-gjj08519/node_modules/jest-circus/build/legacy-code-todo-rewrite/jestAdapterInit.js:176:21)
    at jestAdapter (/home/gjj/web-ii/Assignments/assignment-5-gjj08519/node_modules/jest-circus/build/legacy-code-todo-rewrite/jestAdapter.js:109:19)
[2021-4-25 22:14:31] CommentException: Cannot delete Comment: You must be logged in.
    at CommentController.destroy (/home/gjj/web-ii/Assignments/assignment-5-gjj08519/src/controllers/CommentController.js:240:19)
    at runMicrotasks (<anonymous>)
    at processTicksAndRejections (internal/process/task_queues.js:93:5)
    at Object.<anonymous> (/home/gjj/web-ii/Assignments/assignment-5-gjj08519/tests/controllers/comment.test.js:303:2)
    at _callCircusTest (/home/gjj/web-ii/Assignments/assignment-5-gjj08519/node_modules/jest-circus/build/run.js:212:5)
    at _runTest (/home/gjj/web-ii/Assignments/assignment-5-gjj08519/node_modules/jest-circus/build/run.js:149:3)
    at _runTestsForDescribeBlock (/home/gjj/web-ii/Assignments/assignment-5-gjj08519/node_modules/jest-circus/build/run.js:63:9)
    at run (/home/gjj/web-ii/Assignments/assignment-5-gjj08519/node_modules/jest-circus/build/run.js:25:3)
    at runAndTransformResultsToJestFormat (/home/gjj/web-ii/Assignments/assignment-5-gjj08519/node_modules/jest-circus/build/legacy-code-todo-rewrite/jestAdapterInit.js:176:21)
    at jestAdapter (/home/gjj/web-ii/Assignments/assignment-5-gjj08519/node_modules/jest-circus/build/legacy-code-todo-rewrite/jestAdapter.js:109:19)
[2021-4-25 22:14:33] CommentException: Cannot delete Comment: Comment does not exist with ID 86.
    at CommentController.destroy (/home/gjj/web-ii/Assignments/assignment-5-gjj08519/src/controllers/CommentController.js:243:19)
    at runMicrotasks (<anonymous>)
    at processTicksAndRejections (internal/process/task_queues.js:93:5)
    at Object.<anonymous> (/home/gjj/web-ii/Assignments/assignment-5-gjj08519/tests/controllers/comment.test.js:318:2)
    at _callCircusTest (/home/gjj/web-ii/Assignments/assignment-5-gjj08519/node_modules/jest-circus/build/run.js:212:5)
    at _runTest (/home/gjj/web-ii/Assignments/assignment-5-gjj08519/node_modules/jest-circus/build/run.js:149:3)
    at _runTestsForDescribeBlock (/home/gjj/web-ii/Assignments/assignment-5-gjj08519/node_modules/jest-circus/build/run.js:63:9)
    at run (/home/gjj/web-ii/Assignments/assignment-5-gjj08519/node_modules/jest-circus/build/run.js:25:3)
    at runAndTransformResultsToJestFormat (/home/gjj/web-ii/Assignments/assignment-5-gjj08519/node_modules/jest-circus/build/legacy-code-todo-rewrite/jestAdapterInit.js:176:21)
    at jestAdapter (/home/gjj/web-ii/Assignments/assignment-5-gjj08519/node_modules/jest-circus/build/legacy-code-todo-rewrite/jestAdapter.js:109:19)
[2021-4-25 22:14:37] CommentException: Cannot delete Comment: You cannot delete a comment created by someone other than yourself.
    at CommentController.destroy (/home/gjj/web-ii/Assignments/assignment-5-gjj08519/src/controllers/CommentController.js:255:19)
    at runMicrotasks (<anonymous>)
    at processTicksAndRejections (internal/process/task_queues.js:93:5)
    at Object.<anonymous> (/home/gjj/web-ii/Assignments/assignment-5-gjj08519/tests/controllers/comment.test.js:333:2)
    at _callCircusTest (/home/gjj/web-ii/Assignments/assignment-5-gjj08519/node_modules/jest-circus/build/run.js:212:5)
    at _runTest (/home/gjj/web-ii/Assignments/assignment-5-gjj08519/node_modules/jest-circus/build/run.js:149:3)
    at _runTestsForDescribeBlock (/home/gjj/web-ii/Assignments/assignment-5-gjj08519/node_modules/jest-circus/build/run.js:63:9)
    at run (/home/gjj/web-ii/Assignments/assignment-5-gjj08519/node_modules/jest-circus/build/run.js:25:3)
    at runAndTransformResultsToJestFormat (/home/gjj/web-ii/Assignments/assignment-5-gjj08519/node_modules/jest-circus/build/legacy-code-todo-rewrite/jestAdapterInit.js:176:21)
    at jestAdapter (/home/gjj/web-ii/Assignments/assignment-5-gjj08519/node_modules/jest-circus/build/legacy-code-todo-rewrite/jestAdapter.js:109:19)
[2021-4-25 22:18:24] AuthException: Cannot log in: Missing email.
    at Function.logIn (/home/gjj/web-ii/Assignments/assignment-5-gjj08519/src/models/User.js:116:10)
    at Object.<anonymous> (/home/gjj/web-ii/Assignments/assignment-5-gjj08519/tests/models/auth.test.js:30:20)
    at Promise.then.completed (/home/gjj/web-ii/Assignments/assignment-5-gjj08519/node_modules/jest-circus/build/utils.js:276:28)
    at new Promise (<anonymous>)
    at callAsyncCircusFn (/home/gjj/web-ii/Assignments/assignment-5-gjj08519/node_modules/jest-circus/build/utils.js:216:10)
    at _callCircusTest (/home/gjj/web-ii/Assignments/assignment-5-gjj08519/node_modules/jest-circus/build/run.js:212:40)
    at processTicksAndRejections (internal/process/task_queues.js:93:5)
    at _runTest (/home/gjj/web-ii/Assignments/assignment-5-gjj08519/node_modules/jest-circus/build/run.js:149:3)
    at _runTestsForDescribeBlock (/home/gjj/web-ii/Assignments/assignment-5-gjj08519/node_modules/jest-circus/build/run.js:63:9)
    at run (/home/gjj/web-ii/Assignments/assignment-5-gjj08519/node_modules/jest-circus/build/run.js:25:3)
[2021-4-25 22:18:24] AuthException: Cannot log in: Missing password.
    at Function.logIn (/home/gjj/web-ii/Assignments/assignment-5-gjj08519/src/models/User.js:118:10)
    at Object.<anonymous> (/home/gjj/web-ii/Assignments/assignment-5-gjj08519/tests/models/auth.test.js:39:20)
    at Promise.then.completed (/home/gjj/web-ii/Assignments/assignment-5-gjj08519/node_modules/jest-circus/build/utils.js:276:28)
    at new Promise (<anonymous>)
    at callAsyncCircusFn (/home/gjj/web-ii/Assignments/assignment-5-gjj08519/node_modules/jest-circus/build/utils.js:216:10)
    at _callCircusTest (/home/gjj/web-ii/Assignments/assignment-5-gjj08519/node_modules/jest-circus/build/run.js:212:40)
    at processTicksAndRejections (internal/process/task_queues.js:93:5)
    at _runTest (/home/gjj/web-ii/Assignments/assignment-5-gjj08519/node_modules/jest-circus/build/run.js:149:3)
    at _runTestsForDescribeBlock (/home/gjj/web-ii/Assignments/assignment-5-gjj08519/node_modules/jest-circus/build/run.js:63:9)
    at run (/home/gjj/web-ii/Assignments/assignment-5-gjj08519/node_modules/jest-circus/build/run.js:25:3)
[2021-4-25 22:18:30] UserException: Cannot create User: Missing username.
    at Function.create (/home/gjj/web-ii/Assignments/assignment-5-gjj08519/src/models/User.js:62:10)
    at generateUser (/home/gjj/web-ii/Assignments/assignment-5-gjj08519/tests/TestHelper.js:22:27)
    at Object.<anonymous> (/home/gjj/web-ii/Assignments/assignment-5-gjj08519/tests/models/user.test.js:29:15)
    at Promise.then.completed (/home/gjj/web-ii/Assignments/assignment-5-gjj08519/node_modules/jest-circus/build/utils.js:276:28)
    at new Promise (<anonymous>)
    at callAsyncCircusFn (/home/gjj/web-ii/Assignments/assignment-5-gjj08519/node_modules/jest-circus/build/utils.js:216:10)
    at _callCircusTest (/home/gjj/web-ii/Assignments/assignment-5-gjj08519/node_modules/jest-circus/build/run.js:212:40)
    at processTicksAndRejections (internal/process/task_queues.js:93:5)
    at _runTest (/home/gjj/web-ii/Assignments/assignment-5-gjj08519/node_modules/jest-circus/build/run.js:149:3)
    at _runTestsForDescribeBlock (/home/gjj/web-ii/Assignments/assignment-5-gjj08519/node_modules/jest-circus/build/run.js:63:9)
[2021-4-25 22:18:30] UserException: Cannot create User: Missing email.
    at Function.create (/home/gjj/web-ii/Assignments/assignment-5-gjj08519/src/models/User.js:65:10)
    at generateUser (/home/gjj/web-ii/Assignments/assignment-5-gjj08519/tests/TestHelper.js:22:27)
    at Object.<anonymous> (/home/gjj/web-ii/Assignments/assignment-5-gjj08519/tests/models/user.test.js:36:15)
    at Promise.then.completed (/home/gjj/web-ii/Assignments/assignment-5-gjj08519/node_modules/jest-circus/build/utils.js:276:28)
    at new Promise (<anonymous>)
    at callAsyncCircusFn (/home/gjj/web-ii/Assignments/assignment-5-gjj08519/node_modules/jest-circus/build/utils.js:216:10)
    at _callCircusTest (/home/gjj/web-ii/Assignments/assignment-5-gjj08519/node_modules/jest-circus/build/run.js:212:40)
    at processTicksAndRejections (internal/process/task_queues.js:93:5)
    at _runTest (/home/gjj/web-ii/Assignments/assignment-5-gjj08519/node_modules/jest-circus/build/run.js:149:3)
    at _runTestsForDescribeBlock (/home/gjj/web-ii/Assignments/assignment-5-gjj08519/node_modules/jest-circus/build/run.js:63:9)
[2021-4-25 22:18:30] UserException: Cannot create User: Missing password.
    at Function.create (/home/gjj/web-ii/Assignments/assignment-5-gjj08519/src/models/User.js:67:10)
    at generateUser (/home/gjj/web-ii/Assignments/assignment-5-gjj08519/tests/TestHelper.js:22:27)
    at Object.<anonymous> (/home/gjj/web-ii/Assignments/assignment-5-gjj08519/tests/models/user.test.js:43:15)
    at Promise.then.completed (/home/gjj/web-ii/Assignments/assignment-5-gjj08519/node_modules/jest-circus/build/utils.js:276:28)
    at new Promise (<anonymous>)
    at callAsyncCircusFn (/home/gjj/web-ii/Assignments/assignment-5-gjj08519/node_modules/jest-circus/build/utils.js:216:10)
    at _callCircusTest (/home/gjj/web-ii/Assignments/assignment-5-gjj08519/node_modules/jest-circus/build/run.js:212:40)
    at processTicksAndRejections (internal/process/task_queues.js:93:5)
    at _runTest (/home/gjj/web-ii/Assignments/assignment-5-gjj08519/node_modules/jest-circus/build/run.js:149:3)
    at _runTestsForDescribeBlock (/home/gjj/web-ii/Assignments/assignment-5-gjj08519/node_modules/jest-circus/build/run.js:63:9)
[2021-4-25 22:18:31] UserException: Cannot create User: Duplicate username.
    at Function.create (/home/gjj/web-ii/Assignments/assignment-5-gjj08519/src/models/User.js:79:10)
    at processTicksAndRejections (internal/process/task_queues.js:93:5)
    at generateUser (/home/gjj/web-ii/Assignments/assignment-5-gjj08519/tests/TestHelper.js:22:16)
    at Object.<anonymous> (/home/gjj/web-ii/Assignments/assignment-5-gjj08519/tests/models/user.test.js:54:2)
    at _callCircusTest (/home/gjj/web-ii/Assignments/assignment-5-gjj08519/node_modules/jest-circus/build/run.js:212:5)
    at _runTest (/home/gjj/web-ii/Assignments/assignment-5-gjj08519/node_modules/jest-circus/build/run.js:149:3)
    at _runTestsForDescribeBlock (/home/gjj/web-ii/Assignments/assignment-5-gjj08519/node_modules/jest-circus/build/run.js:63:9)
    at run (/home/gjj/web-ii/Assignments/assignment-5-gjj08519/node_modules/jest-circus/build/run.js:25:3)
    at runAndTransformResultsToJestFormat (/home/gjj/web-ii/Assignments/assignment-5-gjj08519/node_modules/jest-circus/build/legacy-code-todo-rewrite/jestAdapterInit.js:176:21)
    at jestAdapter (/home/gjj/web-ii/Assignments/assignment-5-gjj08519/node_modules/jest-circus/build/legacy-code-todo-rewrite/jestAdapter.js:109:19)
[2021-4-25 22:18:32] UserException: Cannot create User: Duplicate email.
    at Function.create (/home/gjj/web-ii/Assignments/assignment-5-gjj08519/src/models/User.js:91:10)
    at processTicksAndRejections (internal/process/task_queues.js:93:5)
    at generateUser (/home/gjj/web-ii/Assignments/assignment-5-gjj08519/tests/TestHelper.js:22:16)
    at Object.<anonymous> (/home/gjj/web-ii/Assignments/assignment-5-gjj08519/tests/models/user.test.js:65:2)
    at _callCircusTest (/home/gjj/web-ii/Assignments/assignment-5-gjj08519/node_modules/jest-circus/build/run.js:212:5)
    at _runTest (/home/gjj/web-ii/Assignments/assignment-5-gjj08519/node_modules/jest-circus/build/run.js:149:3)
    at _runTestsForDescribeBlock (/home/gjj/web-ii/Assignments/assignment-5-gjj08519/node_modules/jest-circus/build/run.js:63:9)
    at run (/home/gjj/web-ii/Assignments/assignment-5-gjj08519/node_modules/jest-circus/build/run.js:25:3)
    at runAndTransformResultsToJestFormat (/home/gjj/web-ii/Assignments/assignment-5-gjj08519/node_modules/jest-circus/build/legacy-code-todo-rewrite/jestAdapterInit.js:176:21)
    at jestAdapter (/home/gjj/web-ii/Assignments/assignment-5-gjj08519/node_modules/jest-circus/build/legacy-code-todo-rewrite/jestAdapter.js:109:19)
[2021-4-25 22:18:37] UserException: Cannot update User: Missing username.
    at User.save (/home/gjj/web-ii/Assignments/assignment-5-gjj08519/src/models/User.js:242:10)
    at Object.<anonymous> (/home/gjj/web-ii/Assignments/assignment-5-gjj08519/tests/models/user.test.js:165:20)
    at processTicksAndRejections (internal/process/task_queues.js:93:5)
    at _callCircusTest (/home/gjj/web-ii/Assignments/assignment-5-gjj08519/node_modules/jest-circus/build/run.js:212:5)
    at _runTest (/home/gjj/web-ii/Assignments/assignment-5-gjj08519/node_modules/jest-circus/build/run.js:149:3)
    at _runTestsForDescribeBlock (/home/gjj/web-ii/Assignments/assignment-5-gjj08519/node_modules/jest-circus/build/run.js:63:9)
    at run (/home/gjj/web-ii/Assignments/assignment-5-gjj08519/node_modules/jest-circus/build/run.js:25:3)
    at runAndTransformResultsToJestFormat (/home/gjj/web-ii/Assignments/assignment-5-gjj08519/node_modules/jest-circus/build/legacy-code-todo-rewrite/jestAdapterInit.js:176:21)
    at jestAdapter (/home/gjj/web-ii/Assignments/assignment-5-gjj08519/node_modules/jest-circus/build/legacy-code-todo-rewrite/jestAdapter.js:109:19)
    at runTestInternal (/home/gjj/web-ii/Assignments/assignment-5-gjj08519/node_modules/jest-runner/build/runTest.js:380:16)
